Starting the 'emap' service
The 'emap' service is running.
9] [mpm_winnt:notice] [pid 2928:tid 612] AH00455: Apache/2.4.23 (Win32) OpenSSL/1.0.2j PHP/5.4.45 configured -- resuming normal operations
[Thu May 16 22:15:56.427446 2019] [mpm_winnt:notice] [pid 2928:tid 612] AH00456: Server built: Jul  1 2016 16:42:20
[Thu May 16 22:15:56.427446 2019] [core:notice] [pid 2928:tid 612] AH00094: Command line: 'D:\\proj\\emap\\Apache\\bin\\httpd.exe -d D:/proj/emap/Apache'
[Thu May 16 22:15:56.429447 2019] [mpm_winnt:notice] [pid 2928:tid 612] AH00418: Parent: Created child process 6192
[Thu May 16 22:15:57.023599 2019] [mpm_winnt:notice] [pid 6192:tid 524] AH00354: Child: Starting 150 worker threads.
[Thu May 16 22:33:43.601988 2019] [mpm_winnt:notice] [pid 2928:tid 612] AH00422: Parent: Received shutdown signal -- Shutting down the server.
[Thu May 16 22:33:45.633296 2019] [mpm_winnt:notice] [pid 6192:tid 524] AH00364: Child: All worker threads have exited.
[Thu May 16 22:33:45.727048 2019] [mpm_winnt:notice] [pid 2928:tid 612] AH00430: Parent: Child process 6192 exited successfully.
[Fri May 17 11:12:18.551678 2019] [mpm_winnt:notice] [pid 1940:tid 632] AH00455: Apache/2.4.23 (Win32) OpenSSL/1.0.2j PHP/5.4.45 configured -- resuming normal operations
[Fri May 17 11:12:18.582895 2019] [mpm_winnt:notice] [pid 1940:tid 632] AH00456: Server built: Jul  1 2016 16:42:20
[Fri May 17 11:12:18.582895 2019] [core:notice] [pid 1940:tid 632] AH00094: Command line: 'D:\\proj\\emap\\Apache\\bin\\httpd.exe -d D:/proj/emap/Apache'
[Fri May 17 11:12:18.582895 2019] [mpm_winnt:notice] [pid 1940:tid 632] AH00418: Parent: Created child process 928
[Fri May 17 11:12:19.457882 2019] [mpm_winnt:notice] [pid 928:tid 512] AH00354: Child: Starting 150 worker threads.
[Fri May 17 11:13:19.540743 2019] [mpm_winnt:notice] [pid 1940:tid 632] AH00422: Parent: Received shutdown signal -- Shutting down the server.
[Fri May 17 11:13:21.571989 2019] [mpm_winnt:notice] [pid 928:tid 512] AH00364: Child: All worker threads have exited.
[Fri May 17 11:13:21.634537 2019] [mpm_winnt:notice] [pid 1940:tid 632] AH00430: Parent: Child process 928 exited successfully.
Starting the 'emap' service
The 'emap' service is running.
9] [mpm_winnt:notice] [pid 10192:tid 608] AH00455: Apache/2.4.23 (Win32) OpenSSL/1.0.2j PHP/5.4.45 configured -- resuming normal operations
[Sun May 19 22:15:39.390957 2019] [mpm_winnt:notice] [pid 10192:tid 608] AH00456: Server built: Jul  1 2016 16:42:20
[Sun May 19 22:15:39.390957 2019] [core:notice] [pid 10192:tid 608] AH00094: Command line: 'D:\\proj\\emap\\Apache\\bin\\httpd.exe -d D:/proj/emap/Apache'
[Sun May 19 22:15:39.396952 2019] [mpm_winnt:notice] [pid 10192:tid 608] AH00418: Parent: Created child process 10120
[Sun May 19 22:15:40.050436 2019] [mpm_winnt:notice] [pid 10120:tid 484] AH00354: Child: Starting 150 worker threads.
[Sun May 19 23:01:13.883279 2019] [mpm_winnt:notice] [pid 10192:tid 608] AH00422: Parent: Received shutdown signal -- Shutting down the server.
[Sun May 19 23:01:15.914755 2019] [mpm_winnt:notice] [pid 10120:tid 484] AH00364: Child: All worker threads have exited.
[Sun May 19 23:01:16.039767 2019] [mpm_winnt:notice] [pid 10192:tid 608] AH00430: Parent: Child process 10120 exited successfully.
[Mon May 20 12:43:45.189796 2019] [mpm_winnt:notice] [pid 1936:tid 636] AH00455: Apache/2.4.23 (Win32) OpenSSL/1.0.2j PHP/5.4.45 configured -- resuming normal operations
[Mon May 20 12:43:45.283563 2019] [mpm_winnt:notice] [pid 1936:tid 636] AH00456: Server built: Jul  1 2016 16:42:20
[Mon May 20 12:43:45.283563 2019] [core:notice] [pid 1936:tid 636] AH00094: Command line: 'D:\\proj\\emap\\Apache\\bin\\httpd.exe -d D:/proj/emap/Apache'
[Mon May 20 12:43:45.283563 2019] [mpm_winnt:notice] [pid 1936:tid 636] AH00418: Parent: Created child process 3424
[Mon May 20 12:43:47.096069 2019] [mpm_winnt:notice] [pid 3424:tid 512] AH00354: Child: Starting 150 worker threads.
[Mon May 20 22:54:36.654536 2019] [mpm_winnt:notice] [pid 1936:tid 636] AH00422: Parent: Received shutdown signal -- Shutting down the server.
[Mon May 20 22:54:38.685808 2019] [mpm_winnt:notice] [pid 3424:tid 512] AH00364: Child: All worker threads have exited.
[Mon May 20 22:54:38.763879 2019] [mpm_winnt:notice] [pid 1936:tid 636] AH00430: Parent: Child process 3424 exited successfully.
[Tue May 21 12:54:46.476633 2019] [mpm_winnt:notice] [pid 1972:tid 628] AH00455: Apache/2.4.23 (Win32) OpenSSL/1.0.2j PHP/5.4.45 configured -- resuming normal operations
[Tue May 21 12:54:46.492236 2019] [mpm_winnt:notice] [pid 1972:tid 628] AH00456: Server built: Jul  1 2016 16:42:20
[Tue May 21 12:54:46.492236 2019] [core:notice] [pid 1972:tid 628] AH00094: Command line: 'D:\\proj\\emap\\Apache\\bin\\httpd.exe -d D:/proj/emap/Apache'
[Tue May 21 12:54:46.492236 2019] [mpm_winnt:notice] [pid 1972:tid 628] AH00418: Parent: Created child process 2456
[Tue May 21 12:54:47.336043 2019] [mpm_winnt:notice] [pid 2456:tid 508] AH00354: Child: Starting 150 worker threads.
[Tue May 21 22:41:40.519005 2019] [mpm_winnt:notice] [pid 1972:tid 628] AH00422: Parent: Received shutdown signal -- Shutting down the server.
[Tue May 21 22:41:42.550480 2019] [mpm_winnt:notice] [pid 2456:tid 508] AH00364: Child: All worker threads have exited.
[Tue May 21 22:41:42.612987 2019] [mpm_winnt:notice] [pid 1972:tid 628] AH00430: Parent: Child process 2456 exited successfully.
[Wed May 22 09:22:44.542370 2019] [mpm_winnt:notice] [pid 1996:tid 624] AH00455: Apache/2.4.23 (Win32) OpenSSL/1.0.2j PHP/5.4.45 configured -- resuming normal operations
[Wed May 22 09:22:44.558013 2019] [mpm_winnt:notice] [pid 1996:tid 624] AH00456: Server built: Jul  1 2016 16:42:20
[Wed May 22 09:22:44.558013 2019] [core:notice] [pid 1996:tid 624] AH00094: Command line: 'D:\\proj\\emap\\Apache\\bin\\httpd.exe -d D:/proj/emap/Apache'
[Wed May 22 09:22:44.558013 2019] [mpm_winnt:notice] [pid 1996:tid 624] AH00418: Parent: Created child process 3328
[Wed May 22 09:22:46.479891 2019] [mpm_winnt:notice] [pid 3328:tid 524] AH00354: Child: Starting 150 worker threads.
[Wed May 22 23:00:13.186659 2019] [mpm_winnt:notice] [pid 1996:tid 624] AH00422: Parent: Received shutdown signal -- Shutting down the server.
[Wed May 22 23:00:15.217858 2019] [mpm_winnt:notice] [pid 3328:tid 524] AH00364: Child: All worker threads have exited.
[Wed May 22 23:00:15.264788 2019] [mpm_winnt:notice] [pid 1996:tid 624] AH00430: Parent: Child process 3328 exited successfully.
[Thu May 23 13:31:02.070803 2019] [mpm_winnt:notice] [pid 2024:tid 624] AH00455: Apache/2.4.23 (Win32) OpenSSL/1.0.2j PHP/5.4.45 configured -- resuming normal operations
[Thu May 23 13:31:02.086372 2019] [mpm_winnt:notice] [pid 2024:tid 624] AH00456: Server built: Jul  1 2016 16:42:20
[Thu May 23 13:31:02.086372 2019] [core:notice] [pid 2024:tid 624] AH00094: Command line: 'D:\\proj\\emap\\Apache\\bin\\httpd.exe -d D:/proj/emap/Apache'
[Thu May 23 13:31:02.133254 2019] [mpm_winnt:notice] [pid 2024:tid 624] AH00418: Parent: Created child process 3516
[Thu May 23 13:31:06.164500 2019] [mpm_winnt:notice] [pid 3516:tid 516] AH00354: Child: Starting 150 worker threads.
[Thu May 23 23:11:49.741046 2019] [mpm_winnt:notice] [pid 2024:tid 624] AH00422: Parent: Received shutdown signal -- Shutting down the server.
[Thu May 23 23:11:51.772299 2019] [mpm_winnt:notice] [pid 3516:tid 516] AH00364: Child: All worker threads have exited.
[Thu May 23 23:11:51.850422 2019] [mpm_winnt:notice] [pid 2024:tid 624] AH00430: Parent: Child process 3516 exited successfully.
[Fri May 24 10:29:48.155183 2019] [mpm_winnt:notice] [pid 1104:tid 648] AH00455: Apache/2.4.23 (Win32) OpenSSL/1.0.2j PHP/5.4.45 configured -- resuming normal operations
[Fri May 24 10:29:48.186432 2019] [mpm_winnt:notice] [pid 1104:tid 648] AH00456: Server built: Jul  1 2016 16:42:20
[Fri May 24 10:29:48.186432 2019] [core:notice] [pid 1104:tid 648] AH00094: Command line: 'D:\\proj\\emap\\Apache\\bin\\httpd.exe -d D:/proj/emap/Apache'
[Fri May 24 10:29:48.186432 2019] [mpm_winnt:notice] [pid 1104:tid 648] AH00418: Parent: Created child process 3408
[Fri May 24 10:29:48.873945 2019] [mpm_winnt:notice] [pid 3408:tid 300] AH00354: Child: Starting 150 worker threads.
[Fri May 24 22:08:57.309418 2019] [mpm_winnt:notice] [pid 1104:tid 648] AH00422: Parent: Received shutdown signal -- Shutting down the server.
[Fri May 24 22:08:59.340673 2019] [mpm_winnt:notice] [pid 3408:tid 300] AH00364: Child: All worker threads have exited.
[Fri May 24 22:08:59.403172 2019] [mpm_winnt:notice] [pid 1104:tid 648] AH00430: Parent: Child process 3408 exited successfully.
[Sat May 25 12:05:56.875804 2019] [mpm_winnt:notice] [pid 1984:tid 460] AH00455: Apache/2.4.23 (Win32) OpenSSL/1.0.2j PHP/5.4.45 configured -- resuming normal operations
[Sat May 25 12:05:56.907052 2019] [mpm_winnt:notice] [pid 1984:tid 460] AH00456: Server built: Jul  1 2016 16:42:20
[Sat May 25 12:05:56.907052 2019] [core:notice] [pid 1984:tid 460] AH00094: Command line: 'D:\\proj\\emap\\Apache\\bin\\httpd.exe -d D:/proj/emap/Apache'
[Sat May 25 12:05:56.907052 2019] [mpm_winnt:notice] [pid 1984:tid 460] AH00418: Parent: Created child process 3440
[Sat May 25 12:05:57.547698 2019] [mpm_winnt:notice] [pid 3440:tid 308] AH00354: Child: Starting 150 worker threads.
[Sat May 25 20:24:08.929562 2019] [mpm_winnt:notice] [pid 1984:tid 460] AH00422: Parent: Received shutdown signal -- Shutting down the server.
[Sat May 25 20:24:10.960873 2019] [mpm_winnt:notice] [pid 3440:tid 308] AH00364: Child: All worker threads have exited.
[Sat May 25 20:24:11.038999 2019] [mpm_winnt:notice] [pid 1984:tid 460] AH00430: Parent: Child process 3440 exited successfully.
[Sun May 26 12:27:11.255138 2019] [mpm_winnt:notice] [pid 1968:tid 628] AH00455: Apache/2.4.23 (Win32) OpenSSL/1.0.2j PHP/5.4.45 configured -- resuming normal operations
[Sun May 26 12:27:11.286376 2019] [mpm_winnt:notice] [pid 1968:tid 628] AH00456: Server built: Jul  1 2016 16:42:20
[Sun May 26 12:27:11.286376 2019] [core:notice] [pid 1968:tid 628] AH00094: Command line: 'D:\\proj\\emap\\Apache\\bin\\httpd.exe -d D:/proj/emap/Apache'
[Sun May 26 12:27:11.286376 2019] [mpm_winnt:notice] [pid 1968:tid 628] AH00418: Parent: Created child process 3440
[Sun May 26 12:27:13.052009 2019] [mpm_winnt:notice] [pid 3440:tid 516] AH00354: Child: Starting 150 worker threads.
[Sun May 26 21:22:33.796104 2019] [mpm_winnt:notice] [pid 1968:tid 628] AH00422: Parent: Received shutdown signal -- Shutting down the server.
[Sun May 26 21:22:35.827361 2019] [mpm_winnt:notice] [pid 3440:tid 516] AH00364: Child: All worker threads have exited.
[Sun May 26 21:22:35.889864 2019] [mpm_winnt:notice] [pid 1968:tid 628] AH00430: Parent: Child process 3440 exited successfully.
[Mon May 27 09:13:17.961669 2019] [mpm_winnt:notice] [pid 2000:tid 496] AH00455: Apache/2.4.23 (Win32) OpenSSL/1.0.2j PHP/5.4.45 configured -- resuming normal operations
[Mon May 27 09:13:18.008542 2019] [mpm_winnt:notice] [pid 2000:tid 496] AH00456: Server built: Jul  1 2016 16:42:20
[Mon May 27 09:13:18.008542 2019] [core:notice] [pid 2000:tid 496] AH00094: Command line: 'D:\\proj\\emap\\Apache\\bin\\httpd.exe -d D:/proj/emap/Apache'
[Mon May 27 09:13:18.055394 2019] [mpm_winnt:notice] [pid 2000:tid 496] AH00418: Parent: Created child process 3544
[Mon May 27 09:13:21.399127 2019] [mpm_winnt:notice] [pid 3544:tid 520] AH00354: Child: Starting 150 worker threads.
[Mon May 27 13:44:11.121888 2019] [mpm_winnt:notice] [pid 2000:tid 496] AH00422: Parent: Received shutdown signal -- Shutting down the server.
[Mon May 27 13:44:13.125789 2019] [mpm_winnt:notice] [pid 3544:tid 520] AH00364: Child: All worker threads have exited.
[Mon May 27 13:44:15.463053 2019] [mpm_winnt:notice] [pid 2000:tid 496] AH00430: Parent: Child process 3544 exited successfully.
Starting the 'emap' service
The 'emap' service is running.
9] [mpm_winnt:notice] [pid 3260:tid 628] AH00455: Apache/2.4.23 (Win32) OpenSSL/1.0.2j PHP/5.4.45 configured -- resuming normal operations
[Sun Jun 02 21:33:55.652586 2019] [mpm_winnt:notice] [pid 3260:tid 628] AH00456: Server built: Jul  1 2016 16:42:20
[Sun Jun 02 21:33:55.652586 2019] [core:notice] [pid 3260:tid 628] AH00094: Command line: 'D:\\proj\\emap\\Apache\\bin\\httpd.exe -d D:/proj/emap/Apache'
[Sun Jun 02 21:33:55.657573 2019] [mpm_winnt:notice] [pid 3260:tid 628] AH00418: Parent: Created child process 4376
[Sun Jun 02 21:33:56.233719 2019] [mpm_winnt:notice] [pid 4376:tid 520] AH00354: Child: Starting 150 worker threads.
[Sun Jun 02 21:39:43.298046 2019] [mpm_winnt:notice] [pid 3260:tid 628] AH00422: Parent: Received shutdown signal -- Shutting down the server.
[Sun Jun 02 21:39:45.329330 2019] [mpm_winnt:notice] [pid 4376:tid 520] AH00364: Child: All worker threads have exited.
[Sun Jun 02 21:39:45.407475 2019] [mpm_winnt:notice] [pid 3260:tid 628] AH00430: Parent: Child process 4376 exited successfully.
[Mon Jun 03 07:13:15.624901 2019] [mpm_winnt:notice] [pid 2036:tid 640] AH00455: Apache/2.4.23 (Win32) OpenSSL/1.0.2j PHP/5.4.45 configured -- resuming normal operations
[Mon Jun 03 07:13:15.656150 2019] [mpm_winnt:notice] [pid 2036:tid 640] AH00456: Server built: Jul  1 2016 16:42:20
[Mon Jun 03 07:13:15.656150 2019] [core:notice] [pid 2036:tid 640] AH00094: Command line: 'D:\\proj\\emap\\Apache\\bin\\httpd.exe -d D:/proj/emap/Apache'
[Mon Jun 03 07:13:15.687348 2019] [mpm_winnt:notice] [pid 2036:tid 640] AH00418: Parent: Created child process 3588
[Mon Jun 03 07:13:18.718614 2019] [mpm_winnt:notice] [pid 3588:tid 432] AH00354: Child: Starting 150 worker threads.
[Mon Jun 03 15:05:32.598758 2019] [mpm_winnt:notice] [pid 2036:tid 640] AH00422: Parent: Received shutdown signal -- Shutting down the server.
[Mon Jun 03 15:05:34.630013 2019] [mpm_winnt:notice] [pid 3588:tid 432] AH00364: Child: All worker threads have exited.
[Mon Jun 03 15:05:34.692514 2019] [mpm_winnt:notice] [pid 2036:tid 640] AH00430: Parent: Child process 3588 exited successfully.
[Mon Jun 03 19:52:07.011572 2019] [mpm_winnt:notice] [pid 2008:tid 640] AH00455: Apache/2.4.23 (Win32) OpenSSL/1.0.2j PHP/5.4.45 configured -- resuming normal operations
[Mon Jun 03 19:52:07.042823 2019] [mpm_winnt:notice] [pid 2008:tid 640] AH00456: Server built: Jul  1 2016 16:42:20
[Mon Jun 03 19:52:07.042823 2019] [core:notice] [pid 2008:tid 640] AH00094: Command line: 'D:\\proj\\emap\\Apache\\bin\\httpd.exe -d D:/proj/emap/Apache'
[Mon Jun 03 19:52:07.042823 2019] [mpm_winnt:notice] [pid 2008:tid 640] AH00418: Parent: Created child process 1624
[Mon Jun 03 19:52:07.620933 2019] [mpm_winnt:notice] [pid 1624:tid 512] AH00354: Child: Starting 150 worker threads.
[Mon Jun 03 22:13:37.463239 2019] [mpm_winnt:notice] [pid 2008:tid 640] AH00422: Parent: Received shutdown signal -- Shutting down the server.
[Mon Jun 03 22:13:39.494545 2019] [mpm_winnt:notice] [pid 1624:tid 512] AH00364: Child: All worker threads have exited.
[Mon Jun 03 22:13:39.557045 2019] [mpm_winnt:notice] [pid 2008:tid 640] AH00430: Parent: Child process 1624 exited successfully.
[Tue Jun 04 10:00:52.073729 2019] [mpm_winnt:notice] [pid 2016:tid 472] AH00455: Apache/2.4.23 (Win32) OpenSSL/1.0.2j PHP/5.4.45 configured -- resuming normal operations
[Tue Jun 04 10:00:52.089330 2019] [mpm_winnt:notice] [pid 2016:tid 472] AH00456: Server built: Jul  1 2016 16:42:20
[Tue Jun 04 10:00:52.089330 2019] [core:notice] [pid 2016:tid 472] AH00094: Command line: 'D:\\proj\\emap\\Apache\\bin\\httpd.exe -d D:/proj/emap/Apache'
[Tue Jun 04 10:00:52.136220 2019] [mpm_winnt:notice] [pid 2016:tid 472] AH00418: Parent: Created child process 3496
[Tue Jun 04 10:00:55.464357 2019] [mpm_winnt:notice] [pid 3496:tid 524] AH00354: Child: Starting 150 worker threads.
[Tue Jun 04 11:11:22.682218 2019] [mpm_winnt:notice] [pid 2016:tid 472] AH00422: Parent: Received shutdown signal -- Shutting down the server.
[Tue Jun 04 11:11:24.713442 2019] [mpm_winnt:notice] [pid 3496:tid 524] AH00364: Child: All worker threads have exited.
[Tue Jun 04 11:11:24.760325 2019] [mpm_winnt:notice] [pid 2016:tid 472] AH00430: Parent: Child process 3496 exited successfully.
[Tue Jun 04 18:28:28.795987 2019] [mpm_winnt:notice] [pid 1972:tid 596] AH00455: Apache/2.4.23 (Win32) OpenSSL/1.0.2j PHP/5.4.45 configured -- resuming normal operations
[Tue Jun 04 18:28:28.827251 2019] [mpm_winnt:notice] [pid 1972:tid 596] AH00456: Server built: Jul  1 2016 16:42:20
[Tue Jun 04 18:28:28.827251 2019] [core:notice] [pid 1972:tid 596] AH00094: Command line: 'D:\\proj\\emap\\Apache\\bin\\httpd.exe -d D:/proj/emap/Apache'
[Tue Jun 04 18:28:28.827251 2019] [mpm_winnt:notice] [pid 1972:tid 596] AH00418: Parent: Created child process 3432
[Tue Jun 04 18:28:32.249389 2019] [mpm_winnt:notice] [pid 3432:tid 536] AH00354: Child: Starting 150 worker threads.
[Tue Jun 04 21:44:12.418788 2019] [mpm_winnt:notice] [pid 1972:tid 596] AH00422: Parent: Received shutdown signal -- Shutting down the server.
[Tue Jun 04 21:44:14.450260 2019] [mpm_winnt:notice] [pid 3432:tid 536] AH00364: Child: All worker threads have exited.
[Tue Jun 04 21:44:14.497138 2019] [mpm_winnt:notice] [pid 1972:tid 596] AH00430: Parent: Child process 3432 exited successfully.
[Wed Jun 05 09:03:19.752457 2019] [mpm_winnt:notice] [pid 1980:tid 616] AH00455: Apache/2.4.23 (Win32) OpenSSL/1.0.2j PHP/5.4.45 configured -- resuming normal operations
[Wed Jun 05 09:03:19.768082 2019] [mpm_winnt:notice] [pid 1980:tid 616] AH00456: Server built: Jul  1 2016 16:42:20
[Wed Jun 05 09:03:19.768082 2019] [core:notice] [pid 1980:tid 616] AH00094: Command line: 'D:\\proj\\emap\\Apache\\bin\\httpd.exe -d D:/proj/emap/Apache'
[Wed Jun 05 09:03:19.768082 2019] [mpm_winnt:notice] [pid 1980:tid 616] AH00418: Parent: Created child process 3368
[Wed Jun 05 09:03:20.346224 2019] [mpm_winnt:notice] [pid 3368:tid 516] AH00354: Child: Starting 150 worker threads.
[Wed Jun 05 09:15:51.859528 2019] [mpm_winnt:notice] [pid 1980:tid 616] AH00422: Parent: Received shutdown signal -- Shutting down the server.
[Wed Jun 05 09:15:53.863385 2019] [mpm_winnt:notice] [pid 3368:tid 516] AH00364: Child: All worker threads have exited.
[Wed Jun 05 09:15:53.963741 2019] [mpm_winnt:notice] [pid 1980:tid 616] AH00430: Parent: Child process 3368 exited successfully.
Starting the 'emap' service
The 'emap' service is running.
9] [mpm_winnt:notice] [pid 3192:tid 608] AH00455: Apache/2.4.23 (Win32) OpenSSL/1.0.2j PHP/5.4.45 configured -- resuming normal operations
[Wed Jun 12 19:51:10.970348 2019] [mpm_winnt:notice] [pid 3192:tid 608] AH00456: Server built: Jul  1 2016 16:42:20
[Wed Jun 12 19:51:10.970348 2019] [core:notice] [pid 3192:tid 608] AH00094: Command line: 'D:\\proj\\emap\\Apache\\bin\\httpd.exe -d D:/proj/emap/Apache'
[Wed Jun 12 19:51:10.977350 2019] [mpm_winnt:notice] [pid 3192:tid 608] AH00418: Parent: Created child process 6116
[Wed Jun 12 19:51:11.567516 2019] [mpm_winnt:notice] [pid 6116:tid 476] AH00354: Child: Starting 150 worker threads.
[Wed Jun 12 20:36:33.890161 2019] [mpm_winnt:notice] [pid 3192:tid 608] AH00422: Parent: Received shutdown signal -- Shutting down the server.
[Wed Jun 12 20:36:35.937101 2019] [mpm_winnt:notice] [pid 6116:tid 476] AH00364: Child: All worker threads have exited.
[Wed Jun 12 20:36:35.999602 2019] [mpm_winnt:notice] [pid 3192:tid 608] AH00430: Parent: Child process 6116 exited successfully.
[Thu Jun 13 12:24:59.370433 2019] [mpm_winnt:notice] [pid 1828:tid 468] AH00455: Apache/2.4.23 (Win32) OpenSSL/1.0.2j PHP/5.4.45 configured -- resuming normal operations
[Thu Jun 13 12:24:59.401685 2019] [mpm_winnt:notice] [pid 1828:tid 468] AH00456: Server built: Jul  1 2016 16:42:20
[Thu Jun 13 12:24:59.401685 2019] [core:notice] [pid 1828:tid 468] AH00094: Command line: 'D:\\proj\\emap\\Apache\\bin\\httpd.exe -d D:/proj/emap/Apache'
[Thu Jun 13 12:24:59.401685 2019] [mpm_winnt:notice] [pid 1828:tid 468] AH00418: Parent: Created child process 1320
[Thu Jun 13 12:24:59.964780 2019] [mpm_winnt:notice] [pid 1320:tid 524] AH00354: Child: Starting 150 worker threads.
[Thu Jun 13 23:00:06.809498 2019] [mpm_winnt:notice] [pid 1828:tid 468] AH00422: Parent: Received shutdown signal -- Shutting down the server.
[Thu Jun 13 23:00:08.840977 2019] [mpm_winnt:notice] [pid 1320:tid 524] AH00364: Child: All worker threads have exited.
[Thu Jun 13 23:00:09.012868 2019] [mpm_winnt:notice] [pid 1828:tid 468] AH00430: Parent: Child process 1320 exited successfully.
[Fri Jun 14 14:11:55.621562 2019] [mpm_winnt:notice] [pid 2032:tid 628] AH00455: Apache/2.4.23 (Win32) OpenSSL/1.0.2j PHP/5.4.45 configured -- resuming normal operations
[Fri Jun 14 14:11:55.652811 2019] [mpm_winnt:notice] [pid 2032:tid 628] AH00456: Server built: Jul  1 2016 16:42:20
[Fri Jun 14 14:11:55.652811 2019] [core:notice] [pid 2032:tid 628] AH00094: Command line: 'D:\\proj\\emap\\Apache\\bin\\httpd.exe -d D:/proj/emap/Apache'
[Fri Jun 14 14:11:55.652811 2019] [mpm_winnt:notice] [pid 2032:tid 628] AH00418: Parent: Created child process 1856
[Fri Jun 14 14:11:56.418384 2019] [mpm_winnt:notice] [pid 1856:tid 528] AH00354: Child: Starting 150 worker threads.
[Fri Jun 14 22:01:26.196541 2019] [mpm_winnt:notice] [pid 2032:tid 628] AH00422: Parent: Received shutdown signal -- Shutting down the server.
[Fri Jun 14 22:01:28.227794 2019] [mpm_winnt:notice] [pid 1856:tid 528] AH00364: Child: All worker threads have exited.
[Fri Jun 14 22:01:28.305920 2019] [mpm_winnt:notice] [pid 2032:tid 628] AH00430: Parent: Child process 1856 exited successfully.
[Sat Jun 15 12:38:22.572988 2019] [mpm_winnt:notice] [pid 2028:tid 616] AH00455: Apache/2.4.23 (Win32) OpenSSL/1.0.2j PHP/5.4.45 configured -- resuming normal operations
[Sat Jun 15 12:38:22.588614 2019] [mpm_winnt:notice] [pid 2028:tid 616] AH00456: Server built: Jul  1 2016 16:42:20
[Sat Jun 15 12:38:22.588614 2019] [core:notice] [pid 2028:tid 616] AH00094: Command line: 'D:\\proj\\emap\\Apache\\bin\\httpd.exe -d D:/proj/emap/Apache'
[Sat Jun 15 12:38:22.588614 2019] [mpm_winnt:notice] [pid 2028:tid 616] AH00418: Parent: Created child process 3036
[Sat Jun 15 12:38:23.354241 2019] [mpm_winnt:notice] [pid 3036:tid 512] AH00354: Child: Starting 150 worker threads.
[Sat Jun 15 21:39:05.820585 2019] [mpm_winnt:notice] [pid 2028:tid 616] AH00422: Parent: Received shutdown signal -- Shutting down the server.
[Sat Jun 15 21:39:07.851845 2019] [mpm_winnt:notice] [pid 3036:tid 512] AH00364: Child: All worker threads have exited.
[Sat Jun 15 21:39:07.914345 2019] [mpm_winnt:notice] [pid 2028:tid 616] AH00430: Parent: Child process 3036 exited successfully.
[Sun Jun 16 09:51:40.792075 2019] [mpm_winnt:notice] [pid 1968:tid 624] AH00455: Apache/2.4.23 (Win32) OpenSSL/1.0.2j PHP/5.4.45 configured -- resuming normal operations
[Sun Jun 16 09:51:40.807700 2019] [mpm_winnt:notice] [pid 1968:tid 624] AH00456: Server built: Jul  1 2016 16:42:20
[Sun Jun 16 09:51:40.807700 2019] [core:notice] [pid 1968:tid 624] AH00094: Command line: 'D:\\proj\\emap\\Apache\\bin\\httpd.exe -d D:/proj/emap/Apache'
[Sun Jun 16 09:51:40.807700 2019] [mpm_winnt:notice] [pid 1968:tid 624] AH00418: Parent: Created child process 104
[Sun Jun 16 09:51:41.385807 2019] [mpm_winnt:notice] [pid 104:tid 520] AH00354: Child: Starting 150 worker threads.
[Sun Jun 16 10:00:00.518015 2019] [mpm_winnt:notice] [pid 1968:tid 624] AH00422: Parent: Received shutdown signal -- Shutting down the server.
[Sun Jun 16 10:00:02.549248 2019] [mpm_winnt:notice] [pid 104:tid 520] AH00364: Child: All worker threads have exited.
[Sun Jun 16 10:00:02.611764 2019] [mpm_winnt:notice] [pid 1968:tid 624] AH00430: Parent: Child process 104 exited successfully.
[Sun Jun 16 10:25:03.457889 2019] [mpm_winnt:notice] [pid 1060:tid 620] AH00455: Apache/2.4.23 (Win32) OpenSSL/1.0.2j PHP/5.4.45 configured -- resuming normal operations
[Sun Jun 16 10:25:03.489125 2019] [mpm_winnt:notice] [pid 1060:tid 620] AH00456: Server built: Jul  1 2016 16:42:20
[Sun Jun 16 10:25:03.489125 2019] [core:notice] [pid 1060:tid 620] AH00094: Command line: 'D:\\proj\\emap\\Apache\\bin\\httpd.exe -d D:/proj/emap/Apache'
[Sun Jun 16 10:25:03.489125 2019] [mpm_winnt:notice] [pid 1060:tid 620] AH00418: Parent: Created child process 3196
[Sun Jun 16 10:25:05.332880 2019] [mpm_winnt:notice] [pid 3196:tid 540] AH00354: Child: Starting 150 worker threads.
[Sun Jun 16 11:39:19.259437 2019] [mpm_winnt:notice] [pid 1060:tid 620] AH00422: Parent: Received shutdown signal -- Shutting down the server.
[Sun Jun 16 11:39:21.290743 2019] [mpm_winnt:notice] [pid 3196:tid 540] AH00364: Child: All worker threads have exited.
[Sun Jun 16 11:39:21.337618 2019] [mpm_winnt:notice] [pid 1060:tid 620] AH00430: Parent: Child process 3196 exited successfully.
[Sun Jun 16 11:47:43.953720 2019] [mpm_winnt:notice] [pid 924:tid 580] AH00455: Apache/2.4.23 (Win32) OpenSSL/1.0.2j PHP/5.4.45 configured -- resuming normal operations
[Sun Jun 16 11:47:43.969347 2019] [mpm_winnt:notice] [pid 924:tid 580] AH00456: Server built: Jul  1 2016 16:42:20
[Sun Jun 16 11:47:43.969347 2019] [core:notice] [pid 924:tid 580] AH00094: Command line: 'D:\\proj\\emap\\Apache\\bin\\httpd.exe -d D:/proj/emap/Apache'
[Sun Jun 16 11:47:43.969347 2019] [mpm_winnt:notice] [pid 924:tid 580] AH00418: Parent: Created child process 3432
[Sun Jun 16 11:47:46.047642 2019] [mpm_winnt:notice] [pid 3432:tid 300] AH00354: Child: Starting 150 worker threads.
[Sun Jun 16 22:36:23.528965 2019] [mpm_winnt:notice] [pid 924:tid 580] AH00422: Parent: Received shutdown signal -- Shutting down the server.
[Sun Jun 16 22:36:25.560439 2019] [mpm_winnt:notice] [pid 3432:tid 300] AH00364: Child: All worker threads have exited.
[Sun Jun 16 22:36:25.638570 2019] [mpm_winnt:notice] [pid 924:tid 580] AH00430: Parent: Child process 3432 exited successfully.
[Mon Jun 17 10:53:29.093749 2019] [mpm_winnt:notice] [pid 1996:tid 652] AH00455: Apache/2.4.23 (Win32) OpenSSL/1.0.2j PHP/5.4.45 configured -- resuming normal operations
[Mon Jun 17 10:53:29.093749 2019] [mpm_winnt:notice] [pid 1996:tid 652] AH00456: Server built: Jul  1 2016 16:42:20
[Mon Jun 17 10:53:29.093749 2019] [core:notice] [pid 1996:tid 652] AH00094: Command line: 'D:\\proj\\emap\\Apache\\bin\\httpd.exe -d D:/proj/emap/Apache'
[Mon Jun 17 10:53:29.093749 2019] [mpm_winnt:notice] [pid 1996:tid 652] AH00418: Parent: Created child process 2548
[Mon Jun 17 10:53:29.968751 2019] [mpm_winnt:notice] [pid 2548:tid 516] AH00354: Child: Starting 150 worker threads.
[Mon Jun 17 15:27:01.202633 2019] [mpm_winnt:notice] [pid 1996:tid 652] AH00422: Parent: Received shutdown signal -- Shutting down the server.
[Mon Jun 17 15:27:03.233907 2019] [mpm_winnt:notice] [pid 2548:tid 516] AH00364: Child: All worker threads have exited.
[Mon Jun 17 15:27:03.296408 2019] [mpm_winnt:notice] [pid 1996:tid 652] AH00430: Parent: Child process 2548 exited successfully.
[Tue Jun 18 13:09:11.444870 2019] [mpm_winnt:notice] [pid 1980:tid 592] AH00455: Apache/2.4.23 (Win32) OpenSSL/1.0.2j PHP/5.4.45 configured -- resuming normal operations
[Tue Jun 18 13:09:11.444870 2019] [mpm_winnt:notice] [pid 1980:tid 592] AH00456: Server built: Jul  1 2016 16:42:20
[Tue Jun 18 13:09:11.444870 2019] [core:notice] [pid 1980:tid 592] AH00094: Command line: 'D:\\proj\\emap\\Apache\\bin\\httpd.exe -d D:/proj/emap/Apache'
[Tue Jun 18 13:09:11.460495 2019] [mpm_winnt:notice] [pid 1980:tid 592] AH00418: Parent: Created child process 3412
[Tue Jun 18 13:09:12.179248 2019] [mpm_winnt:notice] [pid 3412:tid 604] AH00354: Child: Starting 150 worker threads.
[Tue Jun 18 13:12:21.233922 2019] [mpm_winnt:notice] [pid 1980:tid 592] AH00422: Parent: Received shutdown signal -- Shutting down the server.
[Tue Jun 18 13:12:23.236969 2019] [mpm_winnt:notice] [pid 3412:tid 604] AH00364: Child: All worker threads have exited.
[Tue Jun 18 13:12:23.308989 2019] [mpm_winnt:notice] [pid 1980:tid 592] AH00430: Parent: Child process 3412 exited successfully.
Starting the 'emap' service
The 'emap' service is running.
9] [mpm_winnt:notice] [pid 7424:tid 616] AH00455: Apache/2.4.23 (Win32) OpenSSL/1.0.2j PHP/5.4.45 configured -- resuming normal operations
[Tue Jun 18 13:12:26.485982 2019] [mpm_winnt:notice] [pid 7424:tid 616] AH00456: Server built: Jul  1 2016 16:42:20
[Tue Jun 18 13:12:26.485982 2019] [core:notice] [pid 7424:tid 616] AH00094: Command line: 'D:\\proj\\emap\\Apache\\bin\\httpd.exe -d D:/proj/emap/Apache'
[Tue Jun 18 13:12:26.487970 2019] [mpm_winnt:notice] [pid 7424:tid 616] AH00418: Parent: Created child process 2672
[Tue Jun 18 13:12:27.035113 2019] [mpm_winnt:notice] [pid 2672:tid 340] AH00354: Child: Starting 150 worker threads.
[Tue Jun 18 13:23:38.057353 2019] [mpm_winnt:notice] [pid 7424:tid 616] AH00422: Parent: Received shutdown signal -- Shutting down the server.
[Tue Jun 18 13:23:40.060377 2019] [mpm_winnt:notice] [pid 2672:tid 340] AH00364: Child: All worker threads have exited.
[Tue Jun 18 13:23:40.099384 2019] [mpm_winnt:notice] [pid 7424:tid 616] AH00430: Parent: Child process 2672 exited successfully.
Starting the 'emap' service
The 'emap' service is running.
9] [mpm_winnt:notice] [pid 4680:tid 620] AH00455: Apache/2.4.23 (Win32) OpenSSL/1.0.2j PHP/5.4.45 configured -- resuming normal operations
[Wed Jun 19 21:02:38.495288 2019] [mpm_winnt:notice] [pid 4680:tid 620] AH00456: Server built: Jul  1 2016 16:42:20
[Wed Jun 19 21:02:38.495288 2019] [core:notice] [pid 4680:tid 620] AH00094: Command line: 'D:\\proj\\emap\\Apache\\bin\\httpd.exe -d D:/proj/emap/Apache'
[Wed Jun 19 21:02:38.497443 2019] [mpm_winnt:notice] [pid 4680:tid 620] AH00418: Parent: Created child process 6132
[Wed Jun 19 21:02:39.004842 2019] [mpm_winnt:notice] [pid 6132:tid 512] AH00354: Child: Starting 150 worker threads.
[Wed Jun 19 21:20:45.860356 2019] [mpm_winnt:notice] [pid 4680:tid 620] AH00422: Parent: Received shutdown signal -- Shutting down the server.
[Wed Jun 19 21:20:47.891832 2019] [mpm_winnt:notice] [pid 6132:tid 512] AH00364: Child: All worker threads have exited.
[Wed Jun 19 21:20:47.954337 2019] [mpm_winnt:notice] [pid 4680:tid 620] AH00430: Parent: Child process 6132 exited successfully.
[Wed Jun 19 21:27:37.748779 2019] [mpm_winnt:notice] [pid 1944:tid 604] AH00455: Apache/2.4.23 (Win32) OpenSSL/1.0.2j PHP/5.4.45 configured -- resuming normal operations
[Wed Jun 19 21:27:37.780029 2019] [mpm_winnt:notice] [pid 1944:tid 604] AH00456: Server built: Jul  1 2016 16:42:20
[Wed Jun 19 21:27:37.780029 2019] [core:notice] [pid 1944:tid 604] AH00094: Command line: 'D:\\proj\\emap\\Apache\\bin\\httpd.exe -d D:/proj/emap/Apache'
[Wed Jun 19 21:27:37.780029 2019] [mpm_winnt:notice] [pid 1944:tid 604] AH00418: Parent: Created child process 1144
[Wed Jun 19 21:27:38.780045 2019] [mpm_winnt:notice] [pid 1144:tid 524] AH00354: Child: Starting 150 worker threads.
[Wed Jun 19 22:06:35.327482 2019] [mpm_winnt:notice] [pid 1944:tid 604] AH00422: Parent: Received shutdown signal -- Shutting down the server.
[Wed Jun 19 22:06:37.374357 2019] [mpm_winnt:notice] [pid 1144:tid 524] AH00364: Child: All worker threads have exited.
[Wed Jun 19 22:06:37.483732 2019] [mpm_winnt:notice] [pid 1944:tid 604] AH00430: Parent: Child process 1144 exited successfully.
[Thu Jun 20 13:25:53.442900 2019] [mpm_winnt:notice] [pid 1968:tid 636] AH00455: Apache/2.4.23 (Win32) OpenSSL/1.0.2j PHP/5.4.45 configured -- resuming normal operations
[Thu Jun 20 13:25:53.474148 2019] [mpm_winnt:notice] [pid 1968:tid 636] AH00456: Server built: Jul  1 2016 16:42:20
[Thu Jun 20 13:25:53.474148 2019] [core:notice] [pid 1968:tid 636] AH00094: Command line: 'D:\\proj\\emap\\Apache\\bin\\httpd.exe -d D:/proj/emap/Apache'
[Thu Jun 20 13:25:53.474148 2019] [mpm_winnt:notice] [pid 1968:tid 636] AH00418: Parent: Created child process 3256
[Thu Jun 20 13:25:54.192902 2019] [mpm_winnt:notice] [pid 3256:tid 512] AH00354: Child: Starting 150 worker threads.
[Thu Jun 20 21:05:43.772887 2019] [mpm_winnt:notice] [pid 1968:tid 636] AH00422: Parent: Received shutdown signal -- Shutting down the server.
[Thu Jun 20 21:05:45.804140 2019] [mpm_winnt:notice] [pid 3256:tid 512] AH00364: Child: All worker threads have exited.
[Thu Jun 20 21:05:45.882268 2019] [mpm_winnt:notice] [pid 1968:tid 636] AH00430: Parent: Child process 3256 exited successfully.
[Thu Jun 20 22:34:07.053452 2019] [mpm_winnt:notice] [pid 1944:tid 620] AH00455: Apache/2.4.23 (Win32) OpenSSL/1.0.2j PHP/5.4.45 configured -- resuming normal operations
[Thu Jun 20 22:34:07.084759 2019] [mpm_winnt:notice] [pid 1944:tid 620] AH00456: Server built: Jul  1 2016 16:42:20
[Thu Jun 20 22:34:07.084759 2019] [core:notice] [pid 1944:tid 620] AH00094: Command line: 'D:\\proj\\emap\\Apache\\bin\\httpd.exe -d D:/proj/emap/Apache'
[Thu Jun 20 22:34:07.084759 2019] [mpm_winnt:notice] [pid 1944:tid 620] AH00418: Parent: Created child process 2508
[Thu Jun 20 22:34:07.725346 2019] [mpm_winnt:notice] [pid 2508:tid 532] AH00354: Child: Starting 150 worker threads.
[Thu Jun 20 23:05:32.764475 2019] [mpm_winnt:notice] [pid 1944:tid 620] AH00422: Parent: Received shutdown signal -- Shutting down the server.
[Thu Jun 20 23:05:34.795784 2019] [mpm_winnt:notice] [pid 2508:tid 532] AH00364: Child: All worker threads have exited.
[Thu Jun 20 23:05:34.889534 2019] [mpm_winnt:notice] [pid 1944:tid 620] AH00430: Parent: Child process 2508 exited successfully.
[Fri Jun 21 09:31:36.860653 2019] [mpm_winnt:notice] [pid 1948:tid 612] AH00455: Apache/2.4.23 (Win32) OpenSSL/1.0.2j PHP/5.4.45 configured -- resuming normal operations
[Fri Jun 21 09:31:36.891902 2019] [mpm_winnt:notice] [pid 1948:tid 612] AH00456: Server built: Jul  1 2016 16:42:20
[Fri Jun 21 09:31:36.891902 2019] [core:notice] [pid 1948:tid 612] AH00094: Command line: 'D:\\proj\\emap\\Apache\\bin\\httpd.exe -d D:/proj/emap/Apache'
[Fri Jun 21 09:31:36.954419 2019] [mpm_winnt:notice] [pid 1948:tid 612] AH00418: Parent: Created child process 3540
[Fri Jun 21 09:31:40.595064 2019] [mpm_winnt:notice] [pid 3540:tid 536] AH00354: Child: Starting 150 worker threads.
[Fri Jun 21 12:14:05.034366 2019] [mpm_winnt:notice] [pid 1948:tid 612] AH00422: Parent: Received shutdown signal -- Shutting down the server.
[Fri Jun 21 12:14:07.065669 2019] [mpm_winnt:notice] [pid 3540:tid 536] AH00364: Child: All worker threads have exited.
[Fri Jun 21 12:14:07.128168 2019] [mpm_winnt:notice] [pid 1948:tid 612] AH00430: Parent: Child process 3540 exited successfully.
[Sun Jun 23 21:42:03.204497 2019] [mpm_winnt:notice] [pid 2016:tid 612] AH00455: Apache/2.4.23 (Win32) OpenSSL/1.0.2j PHP/5.4.45 configured -- resuming normal operations
[Sun Jun 23 21:42:03.266997 2019] [mpm_winnt:notice] [pid 2016:tid 612] AH00456: Server built: Jul  1 2016 16:42:20
[Sun Jun 23 21:42:03.266997 2019] [core:notice] [pid 2016:tid 612] AH00094: Command line: 'D:\\proj\\emap\\Apache\\bin\\httpd.exe -d D:/proj/emap/Apache'
[Sun Jun 23 21:42:03.266997 2019] [mpm_winnt:notice] [pid 2016:tid 612] AH00418: Parent: Created child process 2536
[Sun Jun 23 21:42:03.860695 2019] [mpm_winnt:notice] [pid 2536:tid 532] AH00354: Child: Starting 150 worker threads.
[Mon Jun 24 23:14:11.394590 2019] [mpm_winnt:notice] [pid 2016:tid 612] AH00422: Parent: Received shutdown signal -- Shutting down the server.
[Mon Jun 24 23:14:13.441422 2019] [mpm_winnt:notice] [pid 2536:tid 532] AH00364: Child: All worker threads have exited.
[Mon Jun 24 23:14:13.535224 2019] [mpm_winnt:notice] [pid 2016:tid 612] AH00430: Parent: Child process 2536 exited successfully.
[Tue Jun 25 00:38:18.205208 2019] [mpm_winnt:notice] [pid 2012:tid 616] AH00455: Apache/2.4.23 (Win32) OpenSSL/1.0.2j PHP/5.4.45 configured -- resuming normal operations
[Tue Jun 25 00:38:18.220828 2019] [mpm_winnt:notice] [pid 2012:tid 616] AH00456: Server built: Jul  1 2016 16:42:20
[Tue Jun 25 00:38:18.220828 2019] [core:notice] [pid 2012:tid 616] AH00094: Command line: 'D:\\proj\\emap\\Apache\\bin\\httpd.exe -d D:/proj/emap/Apache'
[Tue Jun 25 00:38:18.236473 2019] [mpm_winnt:notice] [pid 2012:tid 616] AH00418: Parent: Created child process 1284
[Tue Jun 25 00:38:19.033318 2019] [mpm_winnt:notice] [pid 1284:tid 516] AH00354: Child: Starting 150 worker threads.
[Tue Jun 25 00:48:55.835014 2019] [mpm_winnt:notice] [pid 2012:tid 616] AH00422: Parent: Received shutdown signal -- Shutting down the server.
[Tue Jun 25 00:48:57.866270 2019] [mpm_winnt:notice] [pid 1284:tid 516] AH00364: Child: All worker threads have exited.
[Tue Jun 25 00:48:57.975645 2019] [mpm_winnt:notice] [pid 2012:tid 616] AH00430: Parent: Child process 1284 exited successfully.
[Tue Jun 25 19:16:38.001652 2019] [mpm_winnt:notice] [pid 1988:tid 608] AH00455: Apache/2.4.23 (Win32) OpenSSL/1.0.2j PHP/5.4.45 configured -- resuming normal operations
[Tue Jun 25 19:16:38.032940 2019] [mpm_winnt:notice] [pid 1988:tid 608] AH00456: Server built: Jul  1 2016 16:42:20
[Tue Jun 25 19:16:38.032940 2019] [core:notice] [pid 1988:tid 608] AH00094: Command line: 'D:\\proj\\emap\\Apache\\bin\\httpd.exe -d D:/proj/emap/Apache'
[Tue Jun 25 19:16:38.032940 2019] [mpm_winnt:notice] [pid 1988:tid 608] AH00418: Parent: Created child process 1160
[Tue Jun 25 19:16:38.642272 2019] [mpm_winnt:notice] [pid 1160:tid 520] AH00354: Child: Starting 150 worker threads.
[Tue Jun 25 21:19:28.577187 2019] [mpm_winnt:notice] [pid 1988:tid 608] AH00422: Parent: Received shutdown signal -- Shutting down the server.
[Tue Jun 25 21:19:30.608444 2019] [mpm_winnt:notice] [pid 1160:tid 520] AH00364: Child: All worker threads have exited.
[Tue Jun 25 21:19:30.670943 2019] [mpm_winnt:notice] [pid 1988:tid 608] AH00430: Parent: Child process 1160 exited successfully.
[Thu Jun 27 20:21:17.392619 2019] [mpm_winnt:notice] [pid 2004:tid 616] AH00455: Apache/2.4.23 (Win32) OpenSSL/1.0.2j PHP/5.4.45 configured -- resuming normal operations
[Thu Jun 27 20:21:17.423856 2019] [mpm_winnt:notice] [pid 2004:tid 616] AH00456: Server built: Jul  1 2016 16:42:20
[Thu Jun 27 20:21:17.423856 2019] [core:notice] [pid 2004:tid 616] AH00094: Command line: 'D:\\proj\\emap\\Apache\\bin\\httpd.exe -d D:/proj/emap/Apache'
[Thu Jun 27 20:21:17.423856 2019] [mpm_winnt:notice] [pid 2004:tid 616] AH00418: Parent: Created child process 2588
[Thu Jun 27 20:21:18.064485 2019] [mpm_winnt:notice] [pid 2588:tid 360] AH00354: Child: Starting 150 worker threads.
[Thu Jun 27 21:23:32.436747 2019] [mpm_winnt:notice] [pid 2004:tid 616] AH00422: Parent: Received shutdown signal -- Shutting down the server.
[Thu Jun 27 21:23:34.468060 2019] [mpm_winnt:notice] [pid 2588:tid 360] AH00364: Child: All worker threads have exited.
[Thu Jun 27 21:23:34.577436 2019] [mpm_winnt:notice] [pid 2004:tid 616] AH00430: Parent: Child process 2588 exited successfully.
[Fri Jun 28 20:25:10.904940 2019] [mpm_winnt:notice] [pid 1988:tid 620] AH00455: Apache/2.4.23 (Win32) OpenSSL/1.0.2j PHP/5.4.45 configured -- resuming normal operations
[Fri Jun 28 20:25:10.967478 2019] [mpm_winnt:notice] [pid 1988:tid 620] AH00456: Server built: Jul  1 2016 16:42:20
[Fri Jun 28 20:25:10.967478 2019] [core:notice] [pid 1988:tid 620] AH00094: Command line: 'D:\\proj\\emap\\Apache\\bin\\httpd.exe -d D:/proj/emap/Apache'
[Fri Jun 28 20:25:10.967478 2019] [mpm_winnt:notice] [pid 1988:tid 620] AH00418: Parent: Created child process 104
[Fri Jun 28 20:25:11.592425 2019] [mpm_winnt:notice] [pid 104:tid 512] AH00354: Child: Starting 150 worker threads.
[Sat Jun 29 11:01:41.392613 2019] [mpm_winnt:notice] [pid 1988:tid 620] AH00422: Parent: Received shutdown signal -- Shutting down the server.
[Sat Jun 29 11:01:43.423885 2019] [mpm_winnt:notice] [pid 104:tid 512] AH00364: Child: All worker threads have exited.
[Sat Jun 29 11:01:43.486425 2019] [mpm_winnt:notice] [pid 1988:tid 620] AH00430: Parent: Child process 104 exited successfully.
[Sat Jun 29 20:06:22.469539 2019] [mpm_winnt:notice] [pid 1988:tid 624] AH00455: Apache/2.4.23 (Win32) OpenSSL/1.0.2j PHP/5.4.45 configured -- resuming normal operations
[Sat Jun 29 20:06:22.469539 2019] [mpm_winnt:notice] [pid 1988:tid 624] AH00456: Server built: Jul  1 2016 16:42:20
[Sat Jun 29 20:06:22.469539 2019] [core:notice] [pid 1988:tid 624] AH00094: Command line: 'D:\\proj\\emap\\Apache\\bin\\httpd.exe -d D:/proj/emap/Apache'
[Sat Jun 29 20:06:22.469539 2019] [mpm_winnt:notice] [pid 1988:tid 624] AH00418: Parent: Created child process 2472
[Sat Jun 29 20:06:23.016396 2019] [mpm_winnt:notice] [pid 2472:tid 512] AH00354: Child: Starting 150 worker threads.
[Sat Jun 29 20:38:20.654025 2019] [mpm_winnt:notice] [pid 1988:tid 624] AH00422: Parent: Received shutdown signal -- Shutting down the server.
[Sat Jun 29 20:38:22.700897 2019] [mpm_winnt:notice] [pid 2472:tid 512] AH00364: Child: All worker threads have exited.
[Sat Jun 29 20:38:22.794593 2019] [mpm_winnt:notice] [pid 1988:tid 624] AH00430: Parent: Child process 2472 exited successfully.
[Sun Jun 30 18:00:46.844798 2019] [mpm_winnt:notice] [pid 2004:tid 616] AH00455: Apache/2.4.23 (Win32) OpenSSL/1.0.2j PHP/5.4.45 configured -- resuming normal operations
[Sun Jun 30 18:00:46.844798 2019] [mpm_winnt:notice] [pid 2004:tid 616] AH00456: Server built: Jul  1 2016 16:42:20
[Sun Jun 30 18:00:46.844798 2019] [core:notice] [pid 2004:tid 616] AH00094: Command line: 'D:\\proj\\emap\\Apache\\bin\\httpd.exe -d D:/proj/emap/Apache'
[Sun Jun 30 18:00:46.860423 2019] [mpm_winnt:notice] [pid 2004:tid 616] AH00418: Parent: Created child process 2504
[Sun Jun 30 18:00:47.438549 2019] [mpm_winnt:notice] [pid 2504:tid 360] AH00354: Child: Starting 150 worker threads.
[Mon Jul 01 07:02:29.441489 2019] [mpm_winnt:notice] [pid 2004:tid 616] AH00422: Parent: Received shutdown signal -- Shutting down the server.
[Mon Jul 01 07:02:31.472745 2019] [mpm_winnt:notice] [pid 2504:tid 360] AH00364: Child: All worker threads have exited.
[Mon Jul 01 07:02:31.550870 2019] [mpm_winnt:notice] [pid 2004:tid 616] AH00430: Parent: Child process 2504 exited successfully.
[Mon Jul 01 19:01:01.337478 2019] [mpm_winnt:notice] [pid 1988:tid 624] AH00455: Apache/2.4.23 (Win32) OpenSSL/1.0.2j PHP/5.4.45 configured -- resuming normal operations
[Mon Jul 01 19:01:01.337478 2019] [mpm_winnt:notice] [pid 1988:tid 624] AH00456: Server built: Jul  1 2016 16:42:20
[Mon Jul 01 19:01:01.337478 2019] [core:notice] [pid 1988:tid 624] AH00094: Command line: 'D:\\proj\\emap\\Apache\\bin\\httpd.exe -d D:/proj/emap/Apache'
[Mon Jul 01 19:01:01.337478 2019] [mpm_winnt:notice] [pid 1988:tid 624] AH00418: Parent: Created child process 2492
[Mon Jul 01 19:01:01.978103 2019] [mpm_winnt:notice] [pid 2492:tid 512] AH00354: Child: Starting 150 worker threads.
[Mon Jul 01 22:29:44.452280 2019] [mpm_winnt:notice] [pid 1988:tid 624] AH00422: Parent: Received shutdown signal -- Shutting down the server.
[Mon Jul 01 22:29:46.483529 2019] [mpm_winnt:notice] [pid 2492:tid 512] AH00364: Child: All worker threads have exited.
[Mon Jul 01 22:29:46.561654 2019] [mpm_winnt:notice] [pid 1988:tid 624] AH00430: Parent: Child process 2492 exited successfully.
[Tue Jul 02 18:30:01.769606 2019] [mpm_winnt:notice] [pid 1992:tid 612] AH00455: Apache/2.4.23 (Win32) OpenSSL/1.0.2j PHP/5.4.45 configured -- resuming normal operations
[Tue Jul 02 18:30:01.769606 2019] [mpm_winnt:notice] [pid 1992:tid 612] AH00456: Server built: Jul  1 2016 16:42:20
[Tue Jul 02 18:30:01.769606 2019] [core:notice] [pid 1992:tid 612] AH00094: Command line: 'D:\\proj\\emap\\Apache\\bin\\httpd.exe -d D:/proj/emap/Apache'
[Tue Jul 02 18:30:01.769606 2019] [mpm_winnt:notice] [pid 1992:tid 612] AH00418: Parent: Created child process 2536
[Tue Jul 02 18:30:02.347718 2019] [mpm_winnt:notice] [pid 2536:tid 516] AH00354: Child: Starting 150 worker threads.
[Tue Jul 02 21:22:48.659572 2019] [mpm_winnt:notice] [pid 1992:tid 612] AH00422: Parent: Received shutdown signal -- Shutting down the server.
[Tue Jul 02 21:22:50.690876 2019] [mpm_winnt:notice] [pid 2536:tid 516] AH00364: Child: All worker threads have exited.
[Tue Jul 02 21:22:50.800253 2019] [mpm_winnt:notice] [pid 1992:tid 612] AH00430: Parent: Child process 2536 exited successfully.
[Wed Jul 03 16:31:42.157572 2019] [mpm_winnt:notice] [pid 2000:tid 612] AH00455: Apache/2.4.23 (Win32) OpenSSL/1.0.2j PHP/5.4.45 configured -- resuming normal operations
[Wed Jul 03 16:31:42.157572 2019] [mpm_winnt:notice] [pid 2000:tid 612] AH00456: Server built: Jul  1 2016 16:42:20
[Wed Jul 03 16:31:42.157572 2019] [core:notice] [pid 2000:tid 612] AH00094: Command line: 'D:\\proj\\emap\\Apache\\bin\\httpd.exe -d D:/proj/emap/Apache'
[Wed Jul 03 16:31:42.157572 2019] [mpm_winnt:notice] [pid 2000:tid 612] AH00418: Parent: Created child process 2480
[Wed Jul 03 16:31:42.688823 2019] [mpm_winnt:notice] [pid 2480:tid 348] AH00354: Child: Starting 150 worker threads.
[Thu Jul 04 03:56:31.355315 2019] [mpm_winnt:notice] [pid 2000:tid 612] AH00422: Parent: Received shutdown signal -- Shutting down the server.
[Thu Jul 04 03:56:33.386572 2019] [mpm_winnt:notice] [pid 2480:tid 348] AH00364: Child: All worker threads have exited.
[Thu Jul 04 03:56:33.495902 2019] [mpm_winnt:notice] [pid 2000:tid 612] AH00430: Parent: Child process 2480 exited successfully.
[Thu Jul 04 16:42:26.361392 2019] [mpm_winnt:notice] [pid 1996:tid 612] AH00455: Apache/2.4.23 (Win32) OpenSSL/1.0.2j PHP/5.4.45 configured -- resuming normal operations
[Thu Jul 04 16:42:26.377013 2019] [mpm_winnt:notice] [pid 1996:tid 612] AH00456: Server built: Jul  1 2016 16:42:20
[Thu Jul 04 16:42:26.377013 2019] [core:notice] [pid 1996:tid 612] AH00094: Command line: 'D:\\proj\\emap\\Apache\\bin\\httpd.exe -d D:/proj/emap/Apache'
[Thu Jul 04 16:42:26.377013 2019] [mpm_winnt:notice] [pid 1996:tid 612] AH00418: Parent: Created child process 1240
[Thu Jul 04 16:42:27.064503 2019] [mpm_winnt:notice] [pid 1240:tid 520] AH00354: Child: Starting 150 worker threads.
[Fri Jul 05 00:58:03.258101 2019] [mpm_winnt:notice] [pid 1996:tid 612] AH00422: Parent: Received shutdown signal -- Shutting down the server.
[Fri Jul 05 00:58:05.289358 2019] [mpm_winnt:notice] [pid 1240:tid 520] AH00364: Child: All worker threads have exited.
[Fri Jul 05 00:58:05.383108 2019] [mpm_winnt:notice] [pid 1996:tid 612] AH00430: Parent: Child process 1240 exited successfully.
[Fri Jul 05 10:03:43.842140 2019] [mpm_winnt:notice] [pid 1988:tid 608] AH00455: Apache/2.4.23 (Win32) OpenSSL/1.0.2j PHP/5.4.45 configured -- resuming normal operations
[Fri Jul 05 10:03:43.873390 2019] [mpm_winnt:notice] [pid 1988:tid 608] AH00456: Server built: Jul  1 2016 16:42:20
[Fri Jul 05 10:03:43.873390 2019] [core:notice] [pid 1988:tid 608] AH00094: Command line: 'D:\\proj\\emap\\Apache\\bin\\httpd.exe -d D:/proj/emap/Apache'
[Fri Jul 05 10:03:43.873390 2019] [mpm_winnt:notice] [pid 1988:tid 608] AH00418: Parent: Created child process 1412
[Fri Jul 05 10:03:44.623380 2019] [mpm_winnt:notice] [pid 1412:tid 528] AH00354: Child: Starting 150 worker threads.
[Fri Jul 05 13:45:56.265023 2019] [mpm_winnt:notice] [pid 1988:tid 608] AH00422: Parent: Received shutdown signal -- Shutting down the server.
[Fri Jul 05 13:45:58.296283 2019] [mpm_winnt:notice] [pid 1412:tid 528] AH00364: Child: All worker threads have exited.
[Fri Jul 05 13:45:58.358782 2019] [mpm_winnt:notice] [pid 1988:tid 608] AH00430: Parent: Child process 1412 exited successfully.
[Fri Jul 05 19:30:34.282795 2019] [mpm_winnt:notice] [pid 2004:tid 612] AH00455: Apache/2.4.23 (Win32) OpenSSL/1.0.2j PHP/5.4.45 configured -- resuming normal operations
[Fri Jul 05 19:30:34.282795 2019] [mpm_winnt:notice] [pid 2004:tid 612] AH00456: Server built: Jul  1 2016 16:42:20
[Fri Jul 05 19:30:34.282795 2019] [core:notice] [pid 2004:tid 612] AH00094: Command line: 'D:\\proj\\emap\\Apache\\bin\\httpd.exe -d D:/proj/emap/Apache'
[Fri Jul 05 19:30:34.282795 2019] [mpm_winnt:notice] [pid 2004:tid 612] AH00418: Parent: Created child process 2496
[Fri Jul 05 19:30:34.845284 2019] [mpm_winnt:notice] [pid 2496:tid 516] AH00354: Child: Starting 150 worker threads.
[Fri Jul 05 20:14:30.729759 2019] [mpm_winnt:notice] [pid 2004:tid 612] AH00422: Parent: Received shutdown signal -- Shutting down the server.
[Fri Jul 05 20:14:32.761016 2019] [mpm_winnt:notice] [pid 2496:tid 516] AH00364: Child: All worker threads have exited.
[Fri Jul 05 20:14:32.870392 2019] [mpm_winnt:notice] [pid 2004:tid 612] AH00430: Parent: Child process 2496 exited successfully.
[Sat Jul 06 09:40:10.715277 2019] [mpm_winnt:notice] [pid 1996:tid 616] AH00455: Apache/2.4.23 (Win32) OpenSSL/1.0.2j PHP/5.4.45 configured -- resuming normal operations
[Sat Jul 06 09:40:10.793403 2019] [mpm_winnt:notice] [pid 1996:tid 616] AH00456: Server built: Jul  1 2016 16:42:20
[Sat Jul 06 09:40:10.793403 2019] [core:notice] [pid 1996:tid 616] AH00094: Command line: 'D:\\proj\\emap\\Apache\\bin\\httpd.exe -d D:/proj/emap/Apache'
[Sat Jul 06 09:40:10.793403 2019] [mpm_winnt:notice] [pid 1996:tid 616] AH00418: Parent: Created child process 1152
[Sat Jul 06 09:40:11.652726 2019] [mpm_winnt:notice] [pid 1152:tid 512] AH00354: Child: Starting 150 worker threads.
[Sat Jul 06 22:09:55.455550 2019] [mpm_winnt:notice] [pid 1996:tid 616] AH00422: Parent: Received shutdown signal -- Shutting down the server.
[Sat Jul 06 22:09:57.486806 2019] [mpm_winnt:notice] [pid 1152:tid 512] AH00364: Child: All worker threads have exited.
[Sat Jul 06 22:09:57.564931 2019] [mpm_winnt:notice] [pid 1996:tid 616] AH00430: Parent: Child process 1152 exited successfully.
[Sun Jul 07 08:08:36.937382 2019] [mpm_winnt:notice] [pid 2004:tid 620] AH00455: Apache/2.4.23 (Win32) OpenSSL/1.0.2j PHP/5.4.45 configured -- resuming normal operations
[Sun Jul 07 08:08:36.968634 2019] [mpm_winnt:notice] [pid 2004:tid 620] AH00456: Server built: Jul  1 2016 16:42:20
[Sun Jul 07 08:08:36.968634 2019] [core:notice] [pid 2004:tid 620] AH00094: Command line: 'D:\\proj\\emap\\Apache\\bin\\httpd.exe -d D:/proj/emap/Apache'
[Sun Jul 07 08:08:36.968634 2019] [mpm_winnt:notice] [pid 2004:tid 620] AH00418: Parent: Created child process 1288
[Sun Jul 07 08:08:37.781134 2019] [mpm_winnt:notice] [pid 1288:tid 516] AH00354: Child: Starting 150 worker threads.
[Sun Jul 07 10:52:13.113699 2019] [mpm_winnt:notice] [pid 2004:tid 620] AH00422: Parent: Received shutdown signal -- Shutting down the server.
[Sun Jul 07 10:52:15.145009 2019] [mpm_winnt:notice] [pid 1288:tid 516] AH00364: Child: All worker threads have exited.
[Sun Jul 07 10:52:15.285636 2019] [mpm_winnt:notice] [pid 2004:tid 620] AH00430: Parent: Child process 1288 exited successfully.
[Sun Jul 07 14:11:23.752696 2019] [mpm_winnt:notice] [pid 1972:tid 628] AH00455: Apache/2.4.23 (Win32) OpenSSL/1.0.2j PHP/5.4.45 configured -- resuming normal operations
[Sun Jul 07 14:11:23.768321 2019] [mpm_winnt:notice] [pid 1972:tid 628] AH00456: Server built: Jul  1 2016 16:42:20
[Sun Jul 07 14:11:23.768321 2019] [core:notice] [pid 1972:tid 628] AH00094: Command line: 'D:\\proj\\emap\\Apache\\bin\\httpd.exe -d D:/proj/emap/Apache'
[Sun Jul 07 14:11:23.768321 2019] [mpm_winnt:notice] [pid 1972:tid 628] AH00418: Parent: Created child process 1156
[Sun Jul 07 14:11:24.737055 2019] [mpm_winnt:notice] [pid 1156:tid 540] AH00354: Child: Starting 150 worker threads.
[Sun Jul 07 16:03:25.400875 2019] [mpm_winnt:notice] [pid 1972:tid 628] AH00422: Parent: Received shutdown signal -- Shutting down the server.
[Sun Jul 07 16:03:27.432128 2019] [mpm_winnt:notice] [pid 1156:tid 540] AH00364: Child: All worker threads have exited.
[Sun Jul 07 16:03:27.494632 2019] [mpm_winnt:notice] [pid 1972:tid 628] AH00430: Parent: Child process 1156 exited successfully.
[Sun Jul 07 18:38:10.139850 2019] [mpm_winnt:notice] [pid 1984:tid 616] AH00455: Apache/2.4.23 (Win32) OpenSSL/1.0.2j PHP/5.4.45 configured -- resuming normal operations
[Sun Jul 07 18:38:10.139850 2019] [mpm_winnt:notice] [pid 1984:tid 616] AH00456: Server built: Jul  1 2016 16:42:20
[Sun Jul 07 18:38:10.139850 2019] [core:notice] [pid 1984:tid 616] AH00094: Command line: 'D:\\proj\\emap\\Apache\\bin\\httpd.exe -d D:/proj/emap/Apache'
[Sun Jul 07 18:38:10.139850 2019] [mpm_winnt:notice] [pid 1984:tid 616] AH00418: Parent: Created child process 2508
[Sun Jul 07 18:38:10.827354 2019] [mpm_winnt:notice] [pid 2508:tid 512] AH00354: Child: Starting 150 worker threads.
[Sun Jul 07 20:20:09.881191 2019] [mpm_winnt:notice] [pid 1984:tid 616] AH00422: Parent: Received shutdown signal -- Shutting down the server.
[Sun Jul 07 20:20:11.912448 2019] [mpm_winnt:notice] [pid 2508:tid 512] AH00364: Child: All worker threads have exited.
[Sun Jul 07 20:20:12.037449 2019] [mpm_winnt:notice] [pid 1984:tid 616] AH00430: Parent: Child process 2508 exited successfully.
[Mon Jul 08 19:52:58.952624 2019] [mpm_winnt:notice] [pid 2000:tid 620] AH00455: Apache/2.4.23 (Win32) OpenSSL/1.0.2j PHP/5.4.45 configured -- resuming normal operations
[Mon Jul 08 19:52:58.983877 2019] [mpm_winnt:notice] [pid 2000:tid 620] AH00456: Server built: Jul  1 2016 16:42:20
[Mon Jul 08 19:52:58.983877 2019] [core:notice] [pid 2000:tid 620] AH00094: Command line: 'D:\\proj\\emap\\Apache\\bin\\httpd.exe -d D:/proj/emap/Apache'
[Mon Jul 08 19:52:58.983877 2019] [mpm_winnt:notice] [pid 2000:tid 620] AH00418: Parent: Created child process 2388
[Mon Jul 08 19:52:59.702651 2019] [mpm_winnt:notice] [pid 2388:tid 512] AH00354: Child: Starting 150 worker threads.
[Mon Jul 08 20:48:34.487238 2019] [mpm_winnt:notice] [pid 2000:tid 620] AH00422: Parent: Received shutdown signal -- Shutting down the server.
[Mon Jul 08 20:48:36.534296 2019] [mpm_winnt:notice] [pid 2388:tid 512] AH00364: Child: All worker threads have exited.
[Mon Jul 08 20:48:36.612427 2019] [mpm_winnt:notice] [pid 2000:tid 620] AH00430: Parent: Child process 2388 exited successfully.
[Tue Jul 09 09:41:03.358543 2019] [mpm_winnt:notice] [pid 1984:tid 620] AH00455: Apache/2.4.23 (Win32) OpenSSL/1.0.2j PHP/5.4.45 configured -- resuming normal operations
[Tue Jul 09 09:41:03.389819 2019] [mpm_winnt:notice] [pid 1984:tid 620] AH00456: Server built: Jul  1 2016 16:42:20
[Tue Jul 09 09:41:03.389819 2019] [core:notice] [pid 1984:tid 620] AH00094: Command line: 'D:\\proj\\emap\\Apache\\bin\\httpd.exe -d D:/proj/emap/Apache'
[Tue Jul 09 09:41:03.389819 2019] [mpm_winnt:notice] [pid 1984:tid 620] AH00418: Parent: Created child process 2500
[Tue Jul 09 09:41:03.952291 2019] [mpm_winnt:notice] [pid 2500:tid 512] AH00354: Child: Starting 150 worker threads.
[Tue Jul 09 11:34:36.354389 2019] [mpm_winnt:notice] [pid 1984:tid 620] AH00422: Parent: Received shutdown signal -- Shutting down the server.
[Tue Jul 09 11:34:38.385643 2019] [mpm_winnt:notice] [pid 2500:tid 512] AH00364: Child: All worker threads have exited.
[Tue Jul 09 11:34:38.479400 2019] [mpm_winnt:notice] [pid 1984:tid 620] AH00430: Parent: Child process 2500 exited successfully.
[Tue Jul 09 19:02:24.727272 2019] [mpm_winnt:notice] [pid 2004:tid 624] AH00455: Apache/2.4.23 (Win32) OpenSSL/1.0.2j PHP/5.4.45 configured -- resuming normal operations
[Tue Jul 09 19:02:24.758521 2019] [mpm_winnt:notice] [pid 2004:tid 624] AH00456: Server built: Jul  1 2016 16:42:20
[Tue Jul 09 19:02:24.758521 2019] [core:notice] [pid 2004:tid 624] AH00094: Command line: 'D:\\proj\\emap\\Apache\\bin\\httpd.exe -d D:/proj/emap/Apache'
[Tue Jul 09 19:02:24.774144 2019] [mpm_winnt:notice] [pid 2004:tid 624] AH00418: Parent: Created child process 1352
[Tue Jul 09 19:02:25.367885 2019] [mpm_winnt:notice] [pid 1352:tid 512] AH00354: Child: Starting 150 worker threads.
[Tue Jul 09 22:44:58.439109 2019] [mpm_winnt:notice] [pid 2004:tid 624] AH00422: Parent: Received shutdown signal -- Shutting down the server.
[Tue Jul 09 22:45:00.470428 2019] [mpm_winnt:notice] [pid 1352:tid 512] AH00364: Child: All worker threads have exited.
[Tue Jul 09 22:45:00.532926 2019] [mpm_winnt:notice] [pid 2004:tid 624] AH00430: Parent: Child process 1352 exited successfully.
[Wed Jul 10 08:25:01.596402 2019] [mpm_winnt:notice] [pid 2008:tid 612] AH00455: Apache/2.4.23 (Win32) OpenSSL/1.0.2j PHP/5.4.45 configured -- resuming normal operations
[Wed Jul 10 08:25:01.643292 2019] [mpm_winnt:notice] [pid 2008:tid 612] AH00456: Server built: Jul  1 2016 16:42:20
[Wed Jul 10 08:25:01.643292 2019] [core:notice] [pid 2008:tid 612] AH00094: Command line: 'D:\\proj\\emap\\Apache\\bin\\httpd.exe -d D:/proj/emap/Apache'
[Wed Jul 10 08:25:01.643292 2019] [mpm_winnt:notice] [pid 2008:tid 612] AH00418: Parent: Created child process 2452
[Wed Jul 10 08:25:02.236989 2019] [mpm_winnt:notice] [pid 2452:tid 300] AH00354: Child: Starting 150 worker threads.
[Wed Jul 10 08:27:39.035049 2019] [mpm_winnt:notice] [pid 2008:tid 612] AH00422: Parent: Received shutdown signal -- Shutting down the server.
[Wed Jul 10 08:27:41.066441 2019] [mpm_winnt:notice] [pid 2452:tid 300] AH00364: Child: All worker threads have exited.
[Wed Jul 10 08:27:41.128920 2019] [mpm_winnt:notice] [pid 2008:tid 612] AH00430: Parent: Child process 2452 exited successfully.
[Fri Jul 12 18:04:16.767795 2019] [mpm_winnt:notice] [pid 1992:tid 616] AH00455: Apache/2.4.23 (Win32) OpenSSL/1.0.2j PHP/5.4.45 configured -- resuming normal operations
[Fri Jul 12 18:04:16.814672 2019] [mpm_winnt:notice] [pid 1992:tid 616] AH00456: Server built: Jul  1 2016 16:42:20
[Fri Jul 12 18:04:16.814672 2019] [core:notice] [pid 1992:tid 616] AH00094: Command line: 'D:\\proj\\emap\\Apache\\bin\\httpd.exe -d D:/proj/emap/Apache'
[Fri Jul 12 18:04:16.814672 2019] [mpm_winnt:notice] [pid 1992:tid 616] AH00418: Parent: Created child process 1292
[Fri Jul 12 18:04:17.455242 2019] [mpm_winnt:notice] [pid 1292:tid 516] AH00354: Child: Starting 150 worker threads.
[Fri Jul 12 20:23:11.262058 2019] [mpm_winnt:notice] [pid 1992:tid 616] AH00422: Parent: Received shutdown signal -- Shutting down the server.
[Fri Jul 12 20:23:13.308937 2019] [mpm_winnt:notice] [pid 1292:tid 516] AH00364: Child: All worker threads have exited.
[Fri Jul 12 20:23:13.387062 2019] [mpm_winnt:notice] [pid 1992:tid 616] AH00430: Parent: Child process 1292 exited successfully.
[Sat Jul 13 01:58:39.516849 2019] [mpm_winnt:notice] [pid 1988:tid 616] AH00455: Apache/2.4.23 (Win32) OpenSSL/1.0.2j PHP/5.4.45 configured -- resuming normal operations
[Sat Jul 13 01:58:39.532514 2019] [mpm_winnt:notice] [pid 1988:tid 616] AH00456: Server built: Jul  1 2016 16:42:20
[Sat Jul 13 01:58:39.532514 2019] [core:notice] [pid 1988:tid 616] AH00094: Command line: 'D:\\proj\\emap\\Apache\\bin\\httpd.exe -d D:/proj/emap/Apache'
[Sat Jul 13 01:58:39.532514 2019] [mpm_winnt:notice] [pid 1988:tid 616] AH00418: Parent: Created child process 3068
[Sat Jul 13 01:58:40.079351 2019] [mpm_winnt:notice] [pid 3068:tid 512] AH00354: Child: Starting 150 worker threads.
[Sat Jul 13 02:21:43.113243 2019] [mpm_winnt:notice] [pid 1988:tid 616] AH00422: Parent: Received shutdown signal -- Shutting down the server.
[Sat Jul 13 02:21:45.144499 2019] [mpm_winnt:notice] [pid 3068:tid 512] AH00364: Child: All worker threads have exited.
[Sat Jul 13 02:21:45.238248 2019] [mpm_winnt:notice] [pid 1988:tid 616] AH00430: Parent: Child process 3068 exited successfully.
[Sat Jul 13 02:38:25.331074 2019] [mpm_winnt:notice] [pid 2000:tid 620] AH00455: Apache/2.4.23 (Win32) OpenSSL/1.0.2j PHP/5.4.45 configured -- resuming normal operations
[Sat Jul 13 02:38:25.331074 2019] [mpm_winnt:notice] [pid 2000:tid 620] AH00456: Server built: Jul  1 2016 16:42:20
[Sat Jul 13 02:38:25.331074 2019] [core:notice] [pid 2000:tid 620] AH00094: Command line: 'D:\\proj\\emap\\Apache\\bin\\httpd.exe -d D:/proj/emap/Apache'
[Sat Jul 13 02:38:25.331074 2019] [mpm_winnt:notice] [pid 2000:tid 620] AH00418: Parent: Created child process 2532
[Sat Jul 13 02:38:26.002947 2019] [mpm_winnt:notice] [pid 2532:tid 364] AH00354: Child: Starting 150 worker threads.
[Sat Jul 13 02:58:02.873492 2019] [mpm_winnt:notice] [pid 2000:tid 620] AH00422: Parent: Received shutdown signal -- Shutting down the server.
[Sat Jul 13 02:58:04.904826 2019] [mpm_winnt:notice] [pid 2532:tid 364] AH00364: Child: All worker threads have exited.
[Sat Jul 13 02:58:05.014201 2019] [mpm_winnt:notice] [pid 2000:tid 620] AH00430: Parent: Child process 2532 exited successfully.
[Sun Jul 14 15:03:41.377556 2019] [mpm_winnt:notice] [pid 1996:tid 616] AH00455: Apache/2.4.23 (Win32) OpenSSL/1.0.2j PHP/5.4.45 configured -- resuming normal operations
[Sun Jul 14 15:03:41.377556 2019] [mpm_winnt:notice] [pid 1996:tid 616] AH00456: Server built: Jul  1 2016 16:42:20
[Sun Jul 14 15:03:41.377556 2019] [core:notice] [pid 1996:tid 616] AH00094: Command line: 'D:\\proj\\emap\\Apache\\bin\\httpd.exe -d D:/proj/emap/Apache'
[Sun Jul 14 15:03:41.377556 2019] [mpm_winnt:notice] [pid 1996:tid 616] AH00418: Parent: Created child process 2520
[Sun Jul 14 15:03:41.940050 2019] [mpm_winnt:notice] [pid 2520:tid 344] AH00354: Child: Starting 150 worker threads.
[Sun Jul 14 17:21:11.694704 2019] [mpm_winnt:notice] [pid 1996:tid 616] AH00422: Parent: Received shutdown signal -- Shutting down the server.
[Sun Jul 14 17:21:13.726021 2019] [mpm_winnt:notice] [pid 2520:tid 344] AH00364: Child: All worker threads have exited.
[Sun Jul 14 17:21:13.835398 2019] [mpm_winnt:notice] [pid 1996:tid 616] AH00430: Parent: Child process 2520 exited successfully.
[Mon Jul 15 07:53:01.522741 2019] [mpm_winnt:notice] [pid 1792:tid 608] AH00455: Apache/2.4.23 (Win32) OpenSSL/1.0.2j PHP/5.4.45 configured -- resuming normal operations
[Mon Jul 15 07:53:01.553991 2019] [mpm_winnt:notice] [pid 1792:tid 608] AH00456: Server built: Jul  1 2016 16:42:20
[Mon Jul 15 07:53:01.553991 2019] [core:notice] [pid 1792:tid 608] AH00094: Command line: 'D:\\proj\\emap\\Apache\\bin\\httpd.exe -d D:/proj/emap/Apache'
[Mon Jul 15 07:53:01.553991 2019] [mpm_winnt:notice] [pid 1792:tid 608] AH00418: Parent: Created child process 1712
[Mon Jul 15 07:53:02.107865 2019] [mpm_winnt:notice] [pid 1712:tid 512] AH00354: Child: Starting 150 worker threads.
[Tue Jul 16 00:38:36.013242 2019] [mpm_winnt:notice] [pid 1792:tid 608] AH00422: Parent: Received shutdown signal -- Shutting down the server.
[Tue Jul 16 00:38:38.060106 2019] [mpm_winnt:notice] [pid 1712:tid 512] AH00364: Child: All worker threads have exited.
[Tue Jul 16 00:38:38.153870 2019] [mpm_winnt:notice] [pid 1792:tid 608] AH00430: Parent: Child process 1712 exited successfully.
[Tue Jul 16 09:20:30.994592 2019] [mpm_winnt:notice] [pid 1996:tid 612] AH00455: Apache/2.4.23 (Win32) OpenSSL/1.0.2j PHP/5.4.45 configured -- resuming normal operations
[Tue Jul 16 09:20:31.041481 2019] [mpm_winnt:notice] [pid 1996:tid 612] AH00456: Server built: Jul  1 2016 16:42:20
[Tue Jul 16 09:20:31.041481 2019] [core:notice] [pid 1996:tid 612] AH00094: Command line: 'D:\\proj\\emap\\Apache\\bin\\httpd.exe -d D:/proj/emap/Apache'
[Tue Jul 16 09:20:31.041481 2019] [mpm_winnt:notice] [pid 1996:tid 612] AH00418: Parent: Created child process 3016
[Tue Jul 16 09:20:31.557092 2019] [mpm_winnt:notice] [pid 3016:tid 512] AH00354: Child: Starting 150 worker threads.
[Tue Jul 16 20:32:47.685051 2019] [mpm_winnt:notice] [pid 1996:tid 612] AH00422: Parent: Received shutdown signal -- Shutting down the server.
[Tue Jul 16 20:32:49.716362 2019] [mpm_winnt:notice] [pid 3016:tid 512] AH00364: Child: All worker threads have exited.
[Tue Jul 16 20:32:49.778861 2019] [mpm_winnt:notice] [pid 1996:tid 612] AH00430: Parent: Child process 3016 exited successfully.
[Wed Jul 17 08:13:53.242207 2019] [mpm_winnt:notice] [pid 2020:tid 612] AH00455: Apache/2.4.23 (Win32) OpenSSL/1.0.2j PHP/5.4.45 configured -- resuming normal operations
[Wed Jul 17 08:13:53.242207 2019] [mpm_winnt:notice] [pid 2020:tid 612] AH00456: Server built: Jul  1 2016 16:42:20
[Wed Jul 17 08:13:53.242207 2019] [core:notice] [pid 2020:tid 612] AH00094: Command line: 'D:\\proj\\emap\\Apache\\bin\\httpd.exe -d D:/proj/emap/Apache'
[Wed Jul 17 08:13:53.242207 2019] [mpm_winnt:notice] [pid 2020:tid 612] AH00418: Parent: Created child process 2616
[Wed Jul 17 08:13:53.820332 2019] [mpm_winnt:notice] [pid 2616:tid 348] AH00354: Child: Starting 150 worker threads.
[Wed Jul 17 16:06:37.679259 2019] [mpm_winnt:notice] [pid 2020:tid 612] AH00422: Parent: Received shutdown signal -- Shutting down the server.
[Wed Jul 17 16:06:39.726138 2019] [mpm_winnt:notice] [pid 2616:tid 348] AH00364: Child: All worker threads have exited.
[Wed Jul 17 16:06:39.835513 2019] [mpm_winnt:notice] [pid 2020:tid 612] AH00430: Parent: Child process 2616 exited successfully.
[Wed Jul 17 20:48:08.656795 2019] [mpm_winnt:notice] [pid 2012:tid 616] AH00455: Apache/2.4.23 (Win32) OpenSSL/1.0.2j PHP/5.4.45 configured -- resuming normal operations
[Wed Jul 17 20:48:08.656795 2019] [mpm_winnt:notice] [pid 2012:tid 616] AH00456: Server built: Jul  1 2016 16:42:20
[Wed Jul 17 20:48:08.656795 2019] [core:notice] [pid 2012:tid 616] AH00094: Command line: 'D:\\proj\\emap\\Apache\\bin\\httpd.exe -d D:/proj/emap/Apache'
[Wed Jul 17 20:48:08.656795 2019] [mpm_winnt:notice] [pid 2012:tid 616] AH00418: Parent: Created child process 2592
[Wed Jul 17 20:48:09.266224 2019] [mpm_winnt:notice] [pid 2592:tid 536] AH00354: Child: Starting 150 worker threads.
[Wed Jul 17 22:25:50.592106 2019] [mpm_winnt:notice] [pid 2012:tid 616] AH00422: Parent: Received shutdown signal -- Shutting down the server.
[Wed Jul 17 22:25:52.639155 2019] [mpm_winnt:notice] [pid 2592:tid 536] AH00364: Child: All worker threads have exited.
[Wed Jul 17 22:25:52.748539 2019] [mpm_winnt:notice] [pid 2012:tid 616] AH00430: Parent: Child process 2592 exited successfully.
[Mon Jul 22 12:46:43.759489 2019] [mpm_winnt:notice] [pid 1984:tid 620] AH00455: Apache/2.4.23 (Win32) OpenSSL/1.0.2j PHP/5.4.45 configured -- resuming normal operations
[Mon Jul 22 12:46:43.775115 2019] [mpm_winnt:notice] [pid 1984:tid 620] AH00456: Server built: Jul  1 2016 16:42:20
[Mon Jul 22 12:46:43.775115 2019] [core:notice] [pid 1984:tid 620] AH00094: Command line: 'D:\\proj\\emap\\Apache\\bin\\httpd.exe -d D:/proj/emap/Apache'
[Mon Jul 22 12:46:43.775115 2019] [mpm_winnt:notice] [pid 1984:tid 620] AH00418: Parent: Created child process 3008
[Mon Jul 22 12:46:44.446974 2019] [mpm_winnt:notice] [pid 3008:tid 512] AH00354: Child: Starting 150 worker threads.
[Mon Jul 22 13:32:22.119110 2019] [mpm_winnt:notice] [pid 1984:tid 620] AH00422: Parent: Received shutdown signal -- Shutting down the server.
[Mon Jul 22 13:32:24.150421 2019] [mpm_winnt:notice] [pid 3008:tid 512] AH00364: Child: All worker threads have exited.
[Mon Jul 22 13:32:24.212921 2019] [mpm_winnt:notice] [pid 1984:tid 620] AH00430: Parent: Child process 3008 exited successfully.
[Sat Jul 27 22:39:33.975293 2019] [mpm_winnt:notice] [pid 1996:tid 464] AH00455: Apache/2.4.23 (Win32) OpenSSL/1.0.2j PHP/5.4.45 configured -- resuming normal operations
[Sat Jul 27 22:39:34.006542 2019] [mpm_winnt:notice] [pid 1996:tid 464] AH00456: Server built: Jul  1 2016 16:42:20
[Sat Jul 27 22:39:34.006542 2019] [core:notice] [pid 1996:tid 464] AH00094: Command line: 'D:\\proj\\emap\\Apache\\bin\\httpd.exe -d D:/proj/emap/Apache'
[Sat Jul 27 22:39:34.006542 2019] [mpm_winnt:notice] [pid 1996:tid 464] AH00418: Parent: Created child process 2984
[Sat Jul 27 22:39:34.662794 2019] [mpm_winnt:notice] [pid 2984:tid 512] AH00354: Child: Starting 150 worker threads.
[Sat Jul 27 22:43:02.113601 2019] [mpm_winnt:notice] [pid 1996:tid 464] AH00422: Parent: Received shutdown signal -- Shutting down the server.
[Sat Jul 27 22:43:04.160481 2019] [mpm_winnt:notice] [pid 2984:tid 512] AH00364: Child: All worker threads have exited.
[Sat Jul 27 22:43:04.222981 2019] [mpm_winnt:notice] [pid 1996:tid 464] AH00430: Parent: Child process 2984 exited successfully.
[Sat Jul 27 22:44:48.640581 2019] [mpm_winnt:notice] [pid 1992:tid 612] AH00455: Apache/2.4.23 (Win32) OpenSSL/1.0.2j PHP/5.4.45 configured -- resuming normal operations
[Sat Jul 27 22:44:48.718760 2019] [mpm_winnt:notice] [pid 1992:tid 612] AH00456: Server built: Jul  1 2016 16:42:20
[Sat Jul 27 22:44:48.718760 2019] [core:notice] [pid 1992:tid 612] AH00094: Command line: 'D:\\proj\\emap\\Apache\\bin\\httpd.exe -d D:/proj/emap/Apache'
[Sat Jul 27 22:44:48.718760 2019] [mpm_winnt:notice] [pid 1992:tid 612] AH00418: Parent: Created child process 2488
[Sat Jul 27 22:44:49.328100 2019] [mpm_winnt:notice] [pid 2488:tid 340] AH00354: Child: Starting 150 worker threads.
[Sat Jul 27 22:45:39.188476 2019] [mpm_winnt:notice] [pid 1992:tid 612] AH00422: Parent: Received shutdown signal -- Shutting down the server.
[Sat Jul 27 22:45:41.219812 2019] [mpm_winnt:notice] [pid 2488:tid 340] AH00364: Child: All worker threads have exited.
[Sat Jul 27 22:45:41.329186 2019] [mpm_winnt:notice] [pid 1992:tid 612] AH00430: Parent: Child process 2488 exited successfully.
[Thu Aug 01 16:41:52.267908 2019] [mpm_winnt:notice] [pid 1984:tid 620] AH00455: Apache/2.4.23 (Win32) OpenSSL/1.0.2j PHP/5.4.45 configured -- resuming normal operations
[Thu Aug 01 16:41:52.267908 2019] [mpm_winnt:notice] [pid 1984:tid 620] AH00456: Server built: Jul  1 2016 16:42:20
[Thu Aug 01 16:41:52.267908 2019] [core:notice] [pid 1984:tid 620] AH00094: Command line: 'D:\\proj\\emap\\Apache\\bin\\httpd.exe -d D:/proj/emap/Apache'
[Thu Aug 01 16:41:52.267908 2019] [mpm_winnt:notice] [pid 1984:tid 620] AH00418: Parent: Created child process 2608
[Thu Aug 01 16:41:52.830394 2019] [mpm_winnt:notice] [pid 2608:tid 300] AH00354: Child: Starting 150 worker threads.
[Thu Aug 01 21:50:28.314543 2019] [mpm_winnt:notice] [pid 1984:tid 620] AH00422: Parent: Received shutdown signal -- Shutting down the server.
[Thu Aug 01 21:50:30.345841 2019] [mpm_winnt:notice] [pid 2608:tid 300] AH00364: Child: All worker threads have exited.
[Thu Aug 01 21:50:30.470841 2019] [mpm_winnt:notice] [pid 1984:tid 620] AH00430: Parent: Child process 2608 exited successfully.
[Fri Aug 02 18:50:27.895163 2019] [mpm_winnt:notice] [pid 1916:tid 612] AH00455: Apache/2.4.23 (Win32) OpenSSL/1.0.2j PHP/5.4.45 configured -- resuming normal operations
[Fri Aug 02 18:50:27.926409 2019] [mpm_winnt:notice] [pid 1916:tid 612] AH00456: Server built: Jul  1 2016 16:42:20
[Fri Aug 02 18:50:27.926409 2019] [core:notice] [pid 1916:tid 612] AH00094: Command line: 'D:\\proj\\emap\\Apache\\bin\\httpd.exe -d D:/proj/emap/Apache'
[Fri Aug 02 18:50:27.926409 2019] [mpm_winnt:notice] [pid 1916:tid 612] AH00418: Parent: Created child process 648
[Fri Aug 02 18:50:28.785772 2019] [mpm_winnt:notice] [pid 648:tid 520] AH00354: Child: Starting 150 worker threads.
[Fri Aug 02 19:42:46.294724 2019] [mpm_winnt:notice] [pid 1916:tid 612] AH00422: Parent: Received shutdown signal -- Shutting down the server.
[Fri Aug 02 19:42:48.341599 2019] [mpm_winnt:notice] [pid 648:tid 520] AH00364: Child: All worker threads have exited.
[Fri Aug 02 19:42:48.419670 2019] [mpm_winnt:notice] [pid 1916:tid 612] AH00430: Parent: Child process 648 exited successfully.
[Fri Aug 02 20:53:58.925094 2019] [mpm_winnt:notice] [pid 1908:tid 620] AH00455: Apache/2.4.23 (Win32) OpenSSL/1.0.2j PHP/5.4.45 configured -- resuming normal operations
[Fri Aug 02 20:53:58.956344 2019] [mpm_winnt:notice] [pid 1908:tid 620] AH00456: Server built: Jul  1 2016 16:42:20
[Fri Aug 02 20:53:58.956344 2019] [core:notice] [pid 1908:tid 620] AH00094: Command line: 'D:\\proj\\emap\\Apache\\bin\\httpd.exe -d D:/proj/emap/Apache'
[Fri Aug 02 20:53:58.956344 2019] [mpm_winnt:notice] [pid 1908:tid 620] AH00418: Parent: Created child process 3328
[Fri Aug 02 20:54:02.643843 2019] [mpm_winnt:notice] [pid 3328:tid 532] AH00354: Child: Starting 150 worker threads.
[Sat Aug 03 00:04:58.093455 2019] [mpm_winnt:notice] [pid 1908:tid 620] AH00422: Parent: Received shutdown signal -- Shutting down the server.
[Sat Aug 03 00:05:00.140417 2019] [mpm_winnt:notice] [pid 3328:tid 532] AH00364: Child: All worker threads have exited.
[Sat Aug 03 00:05:00.218541 2019] [mpm_winnt:notice] [pid 1908:tid 620] AH00430: Parent: Child process 3328 exited successfully.
[Sat Aug 03 18:44:46.807813 2019] [mpm_winnt:notice] [pid 1876:tid 620] AH00455: Apache/2.4.23 (Win32) OpenSSL/1.0.2j PHP/5.4.45 configured -- resuming normal operations
[Sat Aug 03 18:44:46.854693 2019] [mpm_winnt:notice] [pid 1876:tid 620] AH00456: Server built: Jul  1 2016 16:42:20
[Sat Aug 03 18:44:46.854693 2019] [core:notice] [pid 1876:tid 620] AH00094: Command line: 'D:\\proj\\emap\\Apache\\bin\\httpd.exe -d D:/proj/emap/Apache'
[Sat Aug 03 18:44:46.854693 2019] [mpm_winnt:notice] [pid 1876:tid 620] AH00418: Parent: Created child process 3368
[Sat Aug 03 18:44:47.479678 2019] [mpm_winnt:notice] [pid 3368:tid 532] AH00354: Child: Starting 150 worker threads.
[Sat Aug 03 22:27:50.803382 2019] [mpm_winnt:notice] [pid 1876:tid 620] AH00422: Parent: Received shutdown signal -- Shutting down the server.
[Sat Aug 03 22:27:52.834635 2019] [mpm_winnt:notice] [pid 3368:tid 532] AH00364: Child: All worker threads have exited.
[Sat Aug 03 22:27:52.959635 2019] [mpm_winnt:notice] [pid 1876:tid 620] AH00430: Parent: Child process 3368 exited successfully.
[Sat Aug 03 22:58:38.159390 2019] [mpm_winnt:notice] [pid 2004:tid 608] AH00455: Apache/2.4.23 (Win32) OpenSSL/1.0.2j PHP/5.4.45 configured -- resuming normal operations
[Sat Aug 03 22:58:38.175013 2019] [mpm_winnt:notice] [pid 2004:tid 608] AH00456: Server built: Jul  1 2016 16:42:20
[Sat Aug 03 22:58:38.175013 2019] [core:notice] [pid 2004:tid 608] AH00094: Command line: 'D:\\proj\\emap\\Apache\\bin\\httpd.exe -d D:/proj/emap/Apache'
[Sat Aug 03 22:58:38.175013 2019] [mpm_winnt:notice] [pid 2004:tid 608] AH00418: Parent: Created child process 3052
[Sat Aug 03 22:58:38.799999 2019] [mpm_winnt:notice] [pid 3052:tid 512] AH00354: Child: Starting 150 worker threads.
[Sat Aug 03 23:12:57.395953 2019] [mpm_winnt:notice] [pid 2004:tid 608] AH00422: Parent: Received shutdown signal -- Shutting down the server.
[Sat Aug 03 23:12:59.442829 2019] [mpm_winnt:notice] [pid 3052:tid 512] AH00364: Child: All worker threads have exited.
[Sat Aug 03 23:12:59.520898 2019] [mpm_winnt:notice] [pid 2004:tid 608] AH00430: Parent: Child process 3052 exited successfully.
[Sun Aug 04 00:04:21.833993 2019] [mpm_winnt:notice] [pid 1992:tid 612] AH00455: Apache/2.4.23 (Win32) OpenSSL/1.0.2j PHP/5.4.45 configured -- resuming normal operations
[Sun Aug 04 00:04:21.880890 2019] [mpm_winnt:notice] [pid 1992:tid 612] AH00456: Server built: Jul  1 2016 16:42:20
[Sun Aug 04 00:04:21.880890 2019] [core:notice] [pid 1992:tid 612] AH00094: Command line: 'D:\\proj\\emap\\Apache\\bin\\httpd.exe -d D:/proj/emap/Apache'
[Sun Aug 04 00:04:21.880890 2019] [mpm_winnt:notice] [pid 1992:tid 612] AH00418: Parent: Created child process 2556
[Sun Aug 04 00:04:22.474605 2019] [mpm_winnt:notice] [pid 2556:tid 348] AH00354: Child: Starting 150 worker threads.
[Sun Aug 04 00:21:56.638133 2019] [mpm_winnt:notice] [pid 1992:tid 612] AH00422: Parent: Received shutdown signal -- Shutting down the server.
[Sun Aug 04 00:21:58.669447 2019] [mpm_winnt:notice] [pid 2556:tid 348] AH00364: Child: All worker threads have exited.
[Sun Aug 04 00:21:58.778822 2019] [mpm_winnt:notice] [pid 1992:tid 612] AH00430: Parent: Child process 2556 exited successfully.
[Sun Aug 04 10:32:37.399038 2019] [mpm_winnt:notice] [pid 1996:tid 612] AH00455: Apache/2.4.23 (Win32) OpenSSL/1.0.2j PHP/5.4.45 configured -- resuming normal operations
[Sun Aug 04 10:32:37.399038 2019] [mpm_winnt:notice] [pid 1996:tid 612] AH00456: Server built: Jul  1 2016 16:42:20
[Sun Aug 04 10:32:37.399038 2019] [core:notice] [pid 1996:tid 612] AH00094: Command line: 'D:\\proj\\emap\\Apache\\bin\\httpd.exe -d D:/proj/emap/Apache'
[Sun Aug 04 10:32:37.399038 2019] [mpm_winnt:notice] [pid 1996:tid 612] AH00418: Parent: Created child process 2564
[Sun Aug 04 10:32:37.977147 2019] [mpm_winnt:notice] [pid 2564:tid 528] AH00354: Child: Starting 150 worker threads.
[Sun Aug 04 23:12:56.141042 2019] [mpm_winnt:notice] [pid 1996:tid 612] AH00422: Parent: Received shutdown signal -- Shutting down the server.
[Sun Aug 04 23:12:58.172353 2019] [mpm_winnt:notice] [pid 2564:tid 528] AH00364: Child: All worker threads have exited.
[Sun Aug 04 23:12:58.281728 2019] [mpm_winnt:notice] [pid 1996:tid 612] AH00430: Parent: Child process 2564 exited successfully.
[Wed Aug 07 19:04:26.073483 2019] [mpm_winnt:notice] [pid 1984:tid 612] AH00455: Apache/2.4.23 (Win32) OpenSSL/1.0.2j PHP/5.4.45 configured -- resuming normal operations
[Wed Aug 07 19:04:26.104732 2019] [mpm_winnt:notice] [pid 1984:tid 612] AH00456: Server built: Jul  1 2016 16:42:20
[Wed Aug 07 19:04:26.104732 2019] [core:notice] [pid 1984:tid 612] AH00094: Command line: 'D:\\proj\\emap\\Apache\\bin\\httpd.exe -d D:/proj/emap/Apache'
[Wed Aug 07 19:04:26.104732 2019] [mpm_winnt:notice] [pid 1984:tid 612] AH00418: Parent: Created child process 2288
[Wed Aug 07 19:04:26.698467 2019] [mpm_winnt:notice] [pid 2288:tid 552] AH00354: Child: Starting 150 worker threads.
[Wed Aug 07 21:40:23.625118 2019] [mpm_winnt:notice] [pid 1984:tid 612] AH00422: Parent: Received shutdown signal -- Shutting down the server.
[Wed Aug 07 21:40:25.656368 2019] [mpm_winnt:notice] [pid 2288:tid 552] AH00364: Child: All worker threads have exited.
[Wed Aug 07 21:40:25.718869 2019] [mpm_winnt:notice] [pid 1984:tid 612] AH00430: Parent: Child process 2288 exited successfully.
[Fri Aug 09 22:57:18.031167 2019] [mpm_winnt:notice] [pid 1784:tid 652] AH00455: Apache/2.4.23 (Win32) OpenSSL/1.0.2j PHP/5.4.45 configured -- resuming normal operations
[Fri Aug 09 22:57:18.078041 2019] [mpm_winnt:notice] [pid 1784:tid 652] AH00456: Server built: Jul  1 2016 16:42:20
[Fri Aug 09 22:57:18.078041 2019] [core:notice] [pid 1784:tid 652] AH00094: Command line: 'D:\\proj\\emap\\Apache\\bin\\httpd.exe -d D:/proj/emap/Apache'
[Fri Aug 09 22:57:18.078041 2019] [mpm_winnt:notice] [pid 1784:tid 652] AH00418: Parent: Created child process 3392
[Fri Aug 09 22:57:21.843671 2019] [mpm_winnt:notice] [pid 3392:tid 520] AH00354: Child: Starting 150 worker threads.
[Fri Aug 09 23:25:23.713222 2019] [mpm_winnt:notice] [pid 1784:tid 652] AH00422: Parent: Received shutdown signal -- Shutting down the server.
[Fri Aug 09 23:25:25.744483 2019] [mpm_winnt:notice] [pid 3392:tid 520] AH00364: Child: All worker threads have exited.
[Fri Aug 09 23:25:25.838189 2019] [mpm_winnt:notice] [pid 1784:tid 652] AH00430: Parent: Child process 3392 exited successfully.
[Sat Aug 10 16:16:01.338525 2019] [mpm_winnt:notice] [pid 1996:tid 636] AH00455: Apache/2.4.23 (Win32) OpenSSL/1.0.2j PHP/5.4.45 configured -- resuming normal operations
[Sat Aug 10 16:16:01.369775 2019] [mpm_winnt:notice] [pid 1996:tid 636] AH00456: Server built: Jul  1 2016 16:42:20
[Sat Aug 10 16:16:01.369775 2019] [core:notice] [pid 1996:tid 636] AH00094: Command line: 'D:\\proj\\emap\\Apache\\bin\\httpd.exe -d D:/proj/emap/Apache'
[Sat Aug 10 16:16:01.369775 2019] [mpm_winnt:notice] [pid 1996:tid 636] AH00418: Parent: Created child process 3336
[Sat Aug 10 16:16:05.057421 2019] [mpm_winnt:notice] [pid 3336:tid 528] AH00354: Child: Starting 150 worker threads.
[Sat Aug 10 22:42:24.733829 2019] [mpm_winnt:notice] [pid 1996:tid 636] AH00422: Parent: Received shutdown signal -- Shutting down the server.
[Sat Aug 10 22:42:26.765123 2019] [mpm_winnt:notice] [pid 3336:tid 528] AH00364: Child: All worker threads have exited.
[Sat Aug 10 22:42:26.874498 2019] [mpm_winnt:notice] [pid 1996:tid 636] AH00430: Parent: Child process 3336 exited successfully.
[Sun Aug 11 12:09:39.937910 2019] [mpm_winnt:notice] [pid 1956:tid 616] AH00455: Apache/2.4.23 (Win32) OpenSSL/1.0.2j PHP/5.4.45 configured -- resuming normal operations
[Sun Aug 11 12:09:39.969110 2019] [mpm_winnt:notice] [pid 1956:tid 616] AH00456: Server built: Jul  1 2016 16:42:20
[Sun Aug 11 12:09:39.969110 2019] [core:notice] [pid 1956:tid 616] AH00094: Command line: 'D:\\proj\\emap\\Apache\\bin\\httpd.exe -d D:/proj/emap/Apache'
[Sun Aug 11 12:09:40.047238 2019] [mpm_winnt:notice] [pid 1956:tid 616] AH00418: Parent: Created child process 3596
[Sun Aug 11 12:09:43.781933 2019] [mpm_winnt:notice] [pid 3596:tid 520] AH00354: Child: Starting 150 worker threads.
[Sun Aug 11 19:20:54.470544 2019] [mpm_winnt:notice] [pid 1956:tid 616] AH00422: Parent: Received shutdown signal -- Shutting down the server.
[Sun Aug 11 19:20:56.502022 2019] [mpm_winnt:notice] [pid 3596:tid 520] AH00364: Child: All worker threads have exited.
[Sun Aug 11 19:20:56.548901 2019] [mpm_winnt:notice] [pid 1956:tid 616] AH00430: Parent: Child process 3596 exited successfully.
[Sun Aug 11 20:50:50.805680 2019] [mpm_winnt:notice] [pid 1944:tid 620] AH00455: Apache/2.4.23 (Win32) OpenSSL/1.0.2j PHP/5.4.45 configured -- resuming normal operations
[Sun Aug 11 20:50:50.836930 2019] [mpm_winnt:notice] [pid 1944:tid 620] AH00456: Server built: Jul  1 2016 16:42:20
[Sun Aug 11 20:50:50.836930 2019] [core:notice] [pid 1944:tid 620] AH00094: Command line: 'D:\\proj\\emap\\Apache\\bin\\httpd.exe -d D:/proj/emap/Apache'
[Sun Aug 11 20:50:50.836930 2019] [mpm_winnt:notice] [pid 1944:tid 620] AH00418: Parent: Created child process 364
[Sun Aug 11 20:50:51.555668 2019] [mpm_winnt:notice] [pid 364:tid 528] AH00354: Child: Starting 150 worker threads.
[Sun Aug 11 20:54:15.443853 2019] [mpm_winnt:notice] [pid 1944:tid 620] AH00422: Parent: Received shutdown signal -- Shutting down the server.
[Sun Aug 11 20:54:17.490729 2019] [mpm_winnt:notice] [pid 364:tid 528] AH00364: Child: All worker threads have exited.
[Sun Aug 11 20:54:17.568814 2019] [mpm_winnt:notice] [pid 1944:tid 620] AH00430: Parent: Child process 364 exited successfully.
[Mon Aug 12 20:46:54.293991 2019] [mpm_winnt:notice] [pid 1856:tid 648] AH00455: Apache/2.4.23 (Win32) OpenSSL/1.0.2j PHP/5.4.45 configured -- resuming normal operations
[Mon Aug 12 20:46:54.293991 2019] [mpm_winnt:notice] [pid 1856:tid 648] AH00456: Server built: Jul  1 2016 16:42:20
[Mon Aug 12 20:46:54.293991 2019] [core:notice] [pid 1856:tid 648] AH00094: Command line: 'D:\\proj\\emap\\Apache\\bin\\httpd.exe -d D:/proj/emap/Apache'
[Mon Aug 12 20:46:54.309614 2019] [mpm_winnt:notice] [pid 1856:tid 648] AH00418: Parent: Created child process 3312
[Mon Aug 12 20:46:54.872097 2019] [mpm_winnt:notice] [pid 3312:tid 520] AH00354: Child: Starting 150 worker threads.
[Mon Aug 12 22:24:14.747569 2019] [mpm_winnt:notice] [pid 1856:tid 648] AH00422: Parent: Received shutdown signal -- Shutting down the server.
[Mon Aug 12 22:24:16.778817 2019] [mpm_winnt:notice] [pid 3312:tid 520] AH00364: Child: All worker threads have exited.
[Mon Aug 12 22:24:16.856943 2019] [mpm_winnt:notice] [pid 1856:tid 648] AH00430: Parent: Child process 3312 exited successfully.
[Tue Aug 13 00:26:30.425731 2019] [mpm_winnt:notice] [pid 1816:tid 632] AH00455: Apache/2.4.23 (Win32) OpenSSL/1.0.2j PHP/5.4.45 configured -- resuming normal operations
[Tue Aug 13 00:26:30.472625 2019] [mpm_winnt:notice] [pid 1816:tid 632] AH00456: Server built: Jul  1 2016 16:42:20
[Tue Aug 13 00:26:30.472625 2019] [core:notice] [pid 1816:tid 632] AH00094: Command line: 'D:\\proj\\emap\\Apache\\bin\\httpd.exe -d D:/proj/emap/Apache'
[Tue Aug 13 00:26:30.472625 2019] [mpm_winnt:notice] [pid 1816:tid 632] AH00418: Parent: Created child process 3308
[Tue Aug 13 00:26:33.753854 2019] [mpm_winnt:notice] [pid 3308:tid 508] AH00354: Child: Starting 150 worker threads.
[Tue Aug 13 00:37:52.234298 2019] [mpm_winnt:notice] [pid 1816:tid 632] AH00422: Parent: Received shutdown signal -- Shutting down the server.
[Tue Aug 13 00:37:54.265547 2019] [mpm_winnt:notice] [pid 3308:tid 508] AH00364: Child: All worker threads have exited.
[Tue Aug 13 00:37:54.312423 2019] [mpm_winnt:notice] [pid 1816:tid 632] AH00430: Parent: Child process 3308 exited successfully.
[Fri Aug 16 18:16:19.671334 2019] [mpm_winnt:notice] [pid 2008:tid 616] AH00455: Apache/2.4.23 (Win32) OpenSSL/1.0.2j PHP/5.4.45 configured -- resuming normal operations
[Fri Aug 16 18:16:19.749459 2019] [mpm_winnt:notice] [pid 2008:tid 616] AH00456: Server built: Jul  1 2016 16:42:20
[Fri Aug 16 18:16:19.749459 2019] [core:notice] [pid 2008:tid 616] AH00094: Command line: 'D:\\proj\\emap\\Apache\\bin\\httpd.exe -d D:/proj/emap/Apache'
[Fri Aug 16 18:16:19.749459 2019] [mpm_winnt:notice] [pid 2008:tid 616] AH00418: Parent: Created child process 3328
[Fri Aug 16 18:16:20.311956 2019] [mpm_winnt:notice] [pid 3328:tid 520] AH00354: Child: Starting 150 worker threads.
[Fri Aug 16 18:47:44.820784 2019] [mpm_winnt:notice] [pid 2008:tid 616] AH00422: Parent: Received shutdown signal -- Shutting down the server.
[Fri Aug 16 18:47:46.824312 2019] [mpm_winnt:notice] [pid 3328:tid 520] AH00364: Child: All worker threads have exited.
[Fri Aug 16 18:47:46.925921 2019] [mpm_winnt:notice] [pid 2008:tid 616] AH00430: Parent: Child process 3328 exited successfully.
Starting the 'emap' service
The 'emap' service is running.
9] [mpm_winnt:notice] [pid 732:tid 616] AH00455: Apache/2.4.23 (Win32) OpenSSL/1.0.2j PHP/5.4.45 configured -- resuming normal operations
[Fri Aug 16 18:47:49.992049 2019] [mpm_winnt:notice] [pid 732:tid 616] AH00456: Server built: Jul  1 2016 16:42:20
[Fri Aug 16 18:47:49.992049 2019] [core:notice] [pid 732:tid 616] AH00094: Command line: 'D:\\proj\\emap\\Apache\\bin\\httpd.exe -d D:/proj/emap/Apache'
[Fri Aug 16 18:47:49.994052 2019] [mpm_winnt:notice] [pid 732:tid 616] AH00418: Parent: Created child process 4356
[Fri Aug 16 18:47:50.557370 2019] [mpm_winnt:notice] [pid 4356:tid 512] AH00354: Child: Starting 150 worker threads.
